The system is: Darwin - 21.3.0 - arm64
Compiling the Fortran compiler identification source file "CMakeFortranCompilerId.F" succeeded.
Compiler: /opt/homebrew/bin/gfortran 
Build flags: 
Id flags: -v 

The output was:
0
Driving: /opt/homebrew/bin/gfortran -v CMakeFortranCompilerId.F -mmacosx-version-min=12.0.0 -asm_macosx_version_min=12.0 -nodefaultexport -l gfortran
Using built-in specs.
COLLECT_GCC=/opt/homebrew/bin/gfortran
COLLECT_LTO_WRAPPER=/opt/homebrew/Cellar/gcc/12.2.0/bin/../libexec/gcc/aarch64-apple-darwin21/12/lto-wrapper
Target: aarch64-apple-darwin21
Configured with: ../configure --prefix=/opt/homebrew/opt/gcc --libdir=/opt/homebrew/opt/gcc/lib/gcc/current --disable-nls --enable-checking=release --with-gcc-major-version-only --enable-languages=c,c++,objc,obj-c++,fortran --program-suffix=-12 --with-gmp=/opt/homebrew/opt/gmp --with-mpfr=/opt/homebrew/opt/mpfr --with-mpc=/opt/homebrew/opt/libmpc --with-isl=/opt/homebrew/opt/isl --with-zstd=/opt/homebrew/opt/zstd --with-pkgversion='Homebrew GCC 12.2.0' --with-bugurl=https://github.com/Homebrew/homebrew-core/issues --with-system-zlib --build=aarch64-apple-darwin21 --with-sysroot=/Library/Developer/CommandLineTools/SDKs/MacOSX12.sdk
Thread model: posix
Supported LTO compression algorithms: zlib zstd
gcc version 12.2.0 (Homebrew GCC 12.2.0) 
COLLECT_GCC_OPTIONS='-v' '-mmacosx-version-min=12.0.0' '-asm_macosx_version_min=12.0' '-nodefaultexport' '-mlittle-endian' '-mabi=lp64' '-dumpdir' 'a-'
 /opt/homebrew/Cellar/gcc/12.2.0/bin/../libexec/gcc/aarch64-apple-darwin21/12/f951 CMakeFortranCompilerId.F -ffixed-form -cpp=/var/folders/4d/m6mrl1nj061f_p99n7typgmr0000gn/T//ccMTsFZ4.f90 -quiet -v -iprefix /opt/homebrew/Cellar/gcc/12.2.0/bin/../lib/gcc/current/gcc/aarch64-apple-darwin21/12/ -D__DYNAMIC__ CMakeFortranCompilerId.F -fPIC -quiet -dumpdir a- -dumpbase CMakeFortranCompilerId.F -dumpbase-ext .F -mmacosx-version-min=12.0.0 -mlittle-endian -mabi=lp64 -version -fintrinsic-modules-path /opt/homebrew/Cellar/gcc/12.2.0/bin/../lib/gcc/current/gcc/aarch64-apple-darwin21/12/finclude -o /var/folders/4d/m6mrl1nj061f_p99n7typgmr0000gn/T//ccHHt2TS.s
GNU Fortran (Homebrew GCC 12.2.0) version 12.2.0 (aarch64-apple-darwin21)
	compiled by GNU C version 12.2.0, GMP version 6.2.1, MPFR version 4.1.0-p13, MPC version 1.2.1, isl version isl-0.25-GMP

warning: MPFR header version 4.1.0-p13 differs from library version 4.2.0.
warning: MPC header version 1.2.1 differs from library version 1.3.1.
GGC heuristics: --param ggc-min-expand=100 --param ggc-min-heapsize=131072
ignoring nonexistent directory "/opt/homebrew/Cellar/gcc/12.2.0/bin/../lib/gcc/current/gcc/aarch64-apple-darwin21/12/../../../../../../aarch64-apple-darwin21/include"
ignoring duplicate directory "/opt/homebrew/Cellar/gcc/12.2.0/bin/../lib/gcc/current/gcc/../../../../lib/gcc/current/gcc/aarch64-apple-darwin21/12/include"
ignoring nonexistent directory "/Library/Developer/CommandLineTools/SDKs/MacOSX12.sdk/usr/local/include"
ignoring duplicate directory "/opt/homebrew/Cellar/gcc/12.2.0/bin/../lib/gcc/current/gcc/../../../../lib/gcc/current/gcc/aarch64-apple-darwin21/12/include-fixed"
ignoring nonexistent directory "/opt/homebrew/Cellar/gcc/12.2.0/bin/../lib/gcc/current/gcc/../../../../lib/gcc/current/gcc/aarch64-apple-darwin21/12/../../../../../../aarch64-apple-darwin21/include"
#include "..." search starts here:
#include <...> search starts here:
 /opt/homebrew/Cellar/gcc/12.2.0/bin/../lib/gcc/current/gcc/aarch64-apple-darwin21/12/finclude
 /opt/homebrew/Cellar/gcc/12.2.0/bin/../lib/gcc/current/gcc/aarch64-apple-darwin21/12/include
 /opt/homebrew/Cellar/gcc/12.2.0/bin/../lib/gcc/current/gcc/aarch64-apple-darwin21/12/include-fixed
 /Library/Developer/CommandLineTools/SDKs/MacOSX12.sdk/usr/include
End of search list.
GNU Fortran2008 (Homebrew GCC 12.2.0) version 12.2.0 (aarch64-apple-darwin21)
	compiled by GNU C version 12.2.0, GMP version 6.2.1, MPFR version 4.1.0-p13, MPC version 1.2.1, isl version isl-0.25-GMP

warning: MPFR header version 4.1.0-p13 differs from library version 4.2.0.
warning: MPC header version 1.2.1 differs from library version 1.3.1.
GGC heuristics: --param ggc-min-expand=100 --param ggc-min-heapsize=131072
COLLECT_GCC_OPTIONS='-v' '-mmacosx-version-min=12.0.0'  '-nodefaultexport' '-mlittle-endian' '-mabi=lp64' '-dumpdir' 'a-'
 as -arch arm64 -v -mmacosx-version-min=12.0 -o /var/folders/4d/m6mrl1nj061f_p99n7typgmr0000gn/T//ccS8LpsY.o /var/folders/4d/m6mrl1nj061f_p99n7typgmr0000gn/T//ccHHt2TS.s
Apple clang version 13.1.6 (clang-1316.0.21.2.3)
Target: arm64-apple-darwin21.3.0
Thread model: posix
InstalledDir: /Library/Developer/CommandLineTools/usr/bin
 "/Library/Developer/CommandLineTools/usr/bin/clang" -cc1as -triple arm64-apple-macosx12.0.0 -filetype obj -main-file-name ccHHt2TS.s -target-cpu apple-m1 -target-feature +v8.5a -target-feature +fp-armv8 -target-feature +neon -target-feature +crc -target-feature +crypto -target-feature +dotprod -target-feature +fp16fml -target-feature +ras -target-feature +lse -target-feature +rdm -target-feature +rcpc -target-feature +zcm -target-feature +zcz -target-feature +fullfp16 -target-feature +sm4 -target-feature +sha3 -target-feature +sha2 -target-feature +aes -fdebug-compilation-dir=/Users/oscarmojica/Desktop/interfacing_fortran_from_python/elaborate_example/_build/CMakeFiles/3.22.4/CompilerIdFortran -dwarf-debug-producer "Apple clang version 13.1.6 (clang-1316.0.21.2.3)" -dwarf-version=4 -mrelocation-model pic --mrelax-relocations -mllvm -disable-aligned-alloc-awareness=1 -o /var/folders/4d/m6mrl1nj061f_p99n7typgmr0000gn/T//ccS8LpsY.o /var/folders/4d/m6mrl1nj061f_p99n7typgmr0000gn/T//ccHHt2TS.s
Reading specs from /opt/homebrew/Cellar/gcc/12.2.0/bin/../lib/gcc/current/gcc/aarch64-apple-darwin21/12/../../../libgfortran.spec
rename spec lib to liborig
COLLECT_GCC_OPTIONS='-v' '-mmacosx-version-min=12.0.0'  '-nodefaultexport' '-mlittle-endian' '-mabi=lp64' '-dumpdir' 'a-'
COMPILER_PATH=/opt/homebrew/Cellar/gcc/12.2.0/bin/../libexec/gcc/aarch64-apple-darwin21/12/:/opt/homebrew/Cellar/gcc/12.2.0/bin/../libexec/gcc/
LIBRARY_PATH=/opt/homebrew/Cellar/gcc/12.2.0/bin/../lib/gcc/current/gcc/aarch64-apple-darwin21/12/:/opt/homebrew/Cellar/gcc/12.2.0/bin/../lib/gcc/current/gcc/:/opt/homebrew/Cellar/gcc/12.2.0/bin/../lib/gcc/current/gcc/aarch64-apple-darwin21/12/../../../
COLLECT_GCC_OPTIONS='-v' '-mmacosx-version-min=12.0.0'  '-nodefaultexport' '-mlittle-endian' '-mabi=lp64' '-dumpdir' 'a.'
 /opt/homebrew/Cellar/gcc/12.2.0/bin/../libexec/gcc/aarch64-apple-darwin21/12/collect2 -syslibroot /Library/Developer/CommandLineTools/SDKs/MacOSX12.sdk/ -dynamic -arch arm64 -macosx_version_min 12.0.0 -o a.out -L/opt/homebrew/Cellar/gcc/12.2.0/bin/../lib/gcc/current/gcc/aarch64-apple-darwin21/12 -L/opt/homebrew/Cellar/gcc/12.2.0/bin/../lib/gcc/current/gcc -L/opt/homebrew/Cellar/gcc/12.2.0/bin/../lib/gcc/current/gcc/aarch64-apple-darwin21/12/../../.. /var/folders/4d/m6mrl1nj061f_p99n7typgmr0000gn/T//ccS8LpsY.o -lgfortran -lemutls_w -lgcc -lquadmath -lemutls_w -lgcc -lSystem -lgcc -no_compact_unwind -rpath @loader_path -rpath /opt/homebrew/Cellar/gcc/12.2.0/lib/gcc/current/gcc/aarch64-apple-darwin21/12 -rpath /opt/homebrew/Cellar/gcc/12.2.0/lib/gcc/current/gcc -rpath /opt/homebrew/Cellar/gcc/12.2.0/lib/gcc/current


Compilation of the Fortran compiler identification source "CMakeFortranCompilerId.F" produced "a.out"

The Fortran compiler identification is GNU, found in "/Users/oscarmojica/Desktop/interfacing_fortran_from_python/elaborate_example/_build/CMakeFiles/3.22.4/CompilerIdFortran/a.out"

Detecting Fortran compiler ABI info compiled with the following output:
Change Dir: /Users/oscarmojica/Desktop/interfacing_fortran_from_python/elaborate_example/_build/CMakeFiles/CMakeTmp

Run Build Command(s):/usr/bin/make -f Makefile cmTC_84d58/fast && /Library/Developer/CommandLineTools/usr/bin/make  -f CMakeFiles/cmTC_84d58.dir/build.make CMakeFiles/cmTC_84d58.dir/build
Building Fortran object CMakeFiles/cmTC_84d58.dir/CMakeFortranCompilerABI.F90.o
/opt/homebrew/bin/gfortran   -isysroot /Library/Developer/CommandLineTools/SDKs/MacOSX12.3.sdk -mmacosx-version-min=12.2   -v -Wl,-v -c /Users/oscarmojica/miniforge3/envs/devito/lib/python3.10/site-packages/cmake/data/CMake.app/Contents/share/cmake-3.22/Modules/CMakeFortranCompilerABI.F90 -o CMakeFiles/cmTC_84d58.dir/CMakeFortranCompilerABI.F90.o
Using built-in specs.
COLLECT_GCC=/opt/homebrew/bin/gfortran
Target: aarch64-apple-darwin21
Configured with: ../configure --prefix=/opt/homebrew/opt/gcc --libdir=/opt/homebrew/opt/gcc/lib/gcc/current --disable-nls --enable-checking=release --with-gcc-major-version-only --enable-languages=c,c++,objc,obj-c++,fortran --program-suffix=-12 --with-gmp=/opt/homebrew/opt/gmp --with-mpfr=/opt/homebrew/opt/mpfr --with-mpc=/opt/homebrew/opt/libmpc --with-isl=/opt/homebrew/opt/isl --with-zstd=/opt/homebrew/opt/zstd --with-pkgversion='Homebrew GCC 12.2.0' --with-bugurl=https://github.com/Homebrew/homebrew-core/issues --with-system-zlib --build=aarch64-apple-darwin21 --with-sysroot=/Library/Developer/CommandLineTools/SDKs/MacOSX12.sdk
Thread model: posix
Supported LTO compression algorithms: zlib zstd
gcc version 12.2.0 (Homebrew GCC 12.2.0) 
COLLECT_GCC_OPTIONS='-isysroot' '/Library/Developer/CommandLineTools/SDKs/MacOSX12.3.sdk' '-v' '-c' '-o' 'CMakeFiles/cmTC_84d58.dir/CMakeFortranCompilerABI.F90.o' '-mmacosx-version-min=12.2' '-asm_macosx_version_min=12.2' '-nodefaultexport' '-mlittle-endian' '-mabi=lp64' '-dumpdir' 'CMakeFiles/cmTC_84d58.dir/'
 /opt/homebrew/Cellar/gcc/12.2.0/bin/../libexec/gcc/aarch64-apple-darwin21/12/f951 /Users/oscarmojica/miniforge3/envs/devito/lib/python3.10/site-packages/cmake/data/CMake.app/Contents/share/cmake-3.22/Modules/CMakeFortranCompilerABI.F90 -cpp=/var/folders/4d/m6mrl1nj061f_p99n7typgmr0000gn/T//ccEnva2m.f90 -quiet -v -iprefix /opt/homebrew/Cellar/gcc/12.2.0/bin/../lib/gcc/current/gcc/aarch64-apple-darwin21/12/ -D__DYNAMIC__ -isysroot /Library/Developer/CommandLineTools/SDKs/MacOSX12.3.sdk /Users/oscarmojica/miniforge3/envs/devito/lib/python3.10/site-packages/cmake/data/CMake.app/Contents/share/cmake-3.22/Modules/CMakeFortranCompilerABI.F90 -fPIC -quiet -dumpdir CMakeFiles/cmTC_84d58.dir/ -dumpbase CMakeFortranCompilerABI.F90.F90 -dumpbase-ext .F90 -mmacosx-version-min=12.2 -mlittle-endian -mabi=lp64 -version -fintrinsic-modules-path /opt/homebrew/Cellar/gcc/12.2.0/bin/../lib/gcc/current/gcc/aarch64-apple-darwin21/12/finclude -o /var/folders/4d/m6mrl1nj061f_p99n7typgmr0000gn/T//ccceEoHu.s
GNU Fortran (Homebrew GCC 12.2.0) version 12.2.0 (aarch64-apple-darwin21)
	compiled by GNU C version 12.2.0, GMP version 6.2.1, MPFR version 4.1.0-p13, MPC version 1.2.1, isl version isl-0.25-GMP

warning: MPFR header version 4.1.0-p13 differs from library version 4.2.0.
warning: MPC header version 1.2.1 differs from library version 1.3.1.
GGC heuristics: --param ggc-min-expand=100 --param ggc-min-heapsize=131072
ignoring nonexistent directory "/opt/homebrew/Cellar/gcc/12.2.0/bin/../lib/gcc/current/gcc/aarch64-apple-darwin21/12/../../../../../../aarch64-apple-darwin21/include"
ignoring duplicate directory "/opt/homebrew/Cellar/gcc/12.2.0/bin/../lib/gcc/current/gcc/../../../../lib/gcc/current/gcc/aarch64-apple-darwin21/12/include"
ignoring nonexistent directory "/Library/Developer/CommandLineTools/SDKs/MacOSX12.3.sdk/usr/local/include"
ignoring duplicate directory "/opt/homebrew/Cellar/gcc/12.2.0/bin/../lib/gcc/current/gcc/../../../../lib/gcc/current/gcc/aarch64-apple-darwin21/12/include-fixed"
ignoring nonexistent directory "/opt/homebrew/Cellar/gcc/12.2.0/bin/../lib/gcc/current/gcc/../../../../lib/gcc/current/gcc/aarch64-apple-darwin21/12/../../../../../../aarch64-apple-darwin21/include"
#include "..." search starts here:
#include <...> search starts here:
 /opt/homebrew/Cellar/gcc/12.2.0/bin/../lib/gcc/current/gcc/aarch64-apple-darwin21/12/finclude
 /opt/homebrew/Cellar/gcc/12.2.0/bin/../lib/gcc/current/gcc/aarch64-apple-darwin21/12/include
 /opt/homebrew/Cellar/gcc/12.2.0/bin/../lib/gcc/current/gcc/aarch64-apple-darwin21/12/include-fixed
 /Library/Developer/CommandLineTools/SDKs/MacOSX12.3.sdk/usr/include
End of search list.
GNU Fortran2008 (Homebrew GCC 12.2.0) version 12.2.0 (aarch64-apple-darwin21)
	compiled by GNU C version 12.2.0, GMP version 6.2.1, MPFR version 4.1.0-p13, MPC version 1.2.1, isl version isl-0.25-GMP

warning: MPFR header version 4.1.0-p13 differs from library version 4.2.0.
warning: MPC header version 1.2.1 differs from library version 1.3.1.
GGC heuristics: --param ggc-min-expand=100 --param ggc-min-heapsize=131072
COLLECT_GCC_OPTIONS='-isysroot' '/Library/Developer/CommandLineTools/SDKs/MacOSX12.3.sdk' '-v' '-c' '-o' 'CMakeFiles/cmTC_84d58.dir/CMakeFortranCompilerABI.F90.o' '-mmacosx-version-min=12.2'  '-nodefaultexport' '-mlittle-endian' '-mabi=lp64' '-dumpdir' 'CMakeFiles/cmTC_84d58.dir/'
 as -arch arm64 -v -mmacosx-version-min=12.2 -o CMakeFiles/cmTC_84d58.dir/CMakeFortranCompilerABI.F90.o /var/folders/4d/m6mrl1nj061f_p99n7typgmr0000gn/T//ccceEoHu.s
Apple clang version 13.1.6 (clang-1316.0.21.2.3)
Target: arm64-apple-darwin21.3.0
Thread model: posix
InstalledDir: /Library/Developer/CommandLineTools/usr/bin
 "/Library/Developer/CommandLineTools/usr/bin/clang" -cc1as -triple arm64-apple-macosx12.2.0 -filetype obj -main-file-name ccceEoHu.s -target-cpu apple-m1 -target-feature +v8.5a -target-feature +fp-armv8 -target-feature +neon -target-feature +crc -target-feature +crypto -target-feature +dotprod -target-feature +fp16fml -target-feature +ras -target-feature +lse -target-feature +rdm -target-feature +rcpc -target-feature +zcm -target-feature +zcz -target-feature +fullfp16 -target-feature +sm4 -target-feature +sha3 -target-feature +sha2 -target-feature +aes -fdebug-compilation-dir=/Users/oscarmojica/Desktop/interfacing_fortran_from_python/elaborate_example/_build/CMakeFiles/CMakeTmp -dwarf-debug-producer "Apple clang version 13.1.6 (clang-1316.0.21.2.3)" -dwarf-version=4 -mrelocation-model pic --mrelax-relocations -mllvm -disable-aligned-alloc-awareness=1 -o CMakeFiles/cmTC_84d58.dir/CMakeFortranCompilerABI.F90.o /var/folders/4d/m6mrl1nj061f_p99n7typgmr0000gn/T//ccceEoHu.s
COMPILER_PATH=/opt/homebrew/Cellar/gcc/12.2.0/bin/../libexec/gcc/aarch64-apple-darwin21/12/:/opt/homebrew/Cellar/gcc/12.2.0/bin/../libexec/gcc/
LIBRARY_PATH=/opt/homebrew/Cellar/gcc/12.2.0/bin/../lib/gcc/current/gcc/aarch64-apple-darwin21/12/:/opt/homebrew/Cellar/gcc/12.2.0/bin/../lib/gcc/current/gcc/:/opt/homebrew/Cellar/gcc/12.2.0/bin/../lib/gcc/current/gcc/aarch64-apple-darwin21/12/../../../
COLLECT_GCC_OPTIONS='-isysroot' '/Library/Developer/CommandLineTools/SDKs/MacOSX12.3.sdk' '-v' '-c' '-o' 'CMakeFiles/cmTC_84d58.dir/CMakeFortranCompilerABI.F90.o' '-mmacosx-version-min=12.2'  '-nodefaultexport' '-mlittle-endian' '-mabi=lp64' '-dumpdir' 'CMakeFiles/cmTC_84d58.dir/CMakeFortranCompilerABI.F90.'
Linking Fortran executable cmTC_84d58
/Users/oscarmojica/miniforge3/envs/devito/lib/python3.10/site-packages/cmake/data/CMake.app/Contents/bin/cmake -E cmake_link_script CMakeFiles/cmTC_84d58.dir/link.txt --verbose=1
/opt/homebrew/bin/gfortran  -v -Wl,-v  -isysroot /Library/Developer/CommandLineTools/SDKs/MacOSX12.3.sdk -mmacosx-version-min=12.2 CMakeFiles/cmTC_84d58.dir/CMakeFortranCompilerABI.F90.o -o cmTC_84d58 
Driving: /opt/homebrew/bin/gfortran -v -Wl,-v -isysroot /Library/Developer/CommandLineTools/SDKs/MacOSX12.3.sdk CMakeFiles/cmTC_84d58.dir/CMakeFortranCompilerABI.F90.o -o cmTC_84d58 -mmacosx-version-min=12.2 -asm_macosx_version_min=12.2 -nodefaultexport -l gfortran
Using built-in specs.
COLLECT_GCC=/opt/homebrew/bin/gfortran
COLLECT_LTO_WRAPPER=/opt/homebrew/Cellar/gcc/12.2.0/bin/../libexec/gcc/aarch64-apple-darwin21/12/lto-wrapper
Target: aarch64-apple-darwin21
Configured with: ../configure --prefix=/opt/homebrew/opt/gcc --libdir=/opt/homebrew/opt/gcc/lib/gcc/current --disable-nls --enable-checking=release --with-gcc-major-version-only --enable-languages=c,c++,objc,obj-c++,fortran --program-suffix=-12 --with-gmp=/opt/homebrew/opt/gmp --with-mpfr=/opt/homebrew/opt/mpfr --with-mpc=/opt/homebrew/opt/libmpc --with-isl=/opt/homebrew/opt/isl --with-zstd=/opt/homebrew/opt/zstd --with-pkgversion='Homebrew GCC 12.2.0' --with-bugurl=https://github.com/Homebrew/homebrew-core/issues --with-system-zlib --build=aarch64-apple-darwin21 --with-sysroot=/Library/Developer/CommandLineTools/SDKs/MacOSX12.sdk
Thread model: posix
Supported LTO compression algorithms: zlib zstd
gcc version 12.2.0 (Homebrew GCC 12.2.0) 
Reading specs from /opt/homebrew/Cellar/gcc/12.2.0/bin/../lib/gcc/current/gcc/aarch64-apple-darwin21/12/../../../libgfortran.spec
rename spec lib to liborig
COLLECT_GCC_OPTIONS='-v' '-isysroot' '/Library/Developer/CommandLineTools/SDKs/MacOSX12.3.sdk' '-o' 'cmTC_84d58' '-mmacosx-version-min=12.2' '-asm_macosx_version_min=12.2' '-nodefaultexport' '-mlittle-endian' '-mabi=lp64' '-dumpdir' 'cmTC_84d58-'
COMPILER_PATH=/opt/homebrew/Cellar/gcc/12.2.0/bin/../libexec/gcc/aarch64-apple-darwin21/12/:/opt/homebrew/Cellar/gcc/12.2.0/bin/../libexec/gcc/
LIBRARY_PATH=/opt/homebrew/Cellar/gcc/12.2.0/bin/../lib/gcc/current/gcc/aarch64-apple-darwin21/12/:/opt/homebrew/Cellar/gcc/12.2.0/bin/../lib/gcc/current/gcc/:/opt/homebrew/Cellar/gcc/12.2.0/bin/../lib/gcc/current/gcc/aarch64-apple-darwin21/12/../../../
COLLECT_GCC_OPTIONS='-v' '-isysroot' '/Library/Developer/CommandLineTools/SDKs/MacOSX12.3.sdk' '-o' 'cmTC_84d58' '-mmacosx-version-min=12.2' '-asm_macosx_version_min=12.2' '-nodefaultexport' '-mlittle-endian' '-mabi=lp64' '-dumpdir' 'cmTC_84d58.'
 /opt/homebrew/Cellar/gcc/12.2.0/bin/../libexec/gcc/aarch64-apple-darwin21/12/collect2 -dynamic -arch arm64 -syslibroot /Library/Developer/CommandLineTools/SDKs/MacOSX12.3.sdk -macosx_version_min 12.2 -o cmTC_84d58 -L/opt/homebrew/Cellar/gcc/12.2.0/bin/../lib/gcc/current/gcc/aarch64-apple-darwin21/12 -L/opt/homebrew/Cellar/gcc/12.2.0/bin/../lib/gcc/current/gcc -L/opt/homebrew/Cellar/gcc/12.2.0/bin/../lib/gcc/current/gcc/aarch64-apple-darwin21/12/../../.. -v CMakeFiles/cmTC_84d58.dir/CMakeFortranCompilerABI.F90.o -lgfortran -lemutls_w -lgcc -lquadmath -lemutls_w -lgcc -lSystem -lgcc -no_compact_unwind -rpath @loader_path -rpath /opt/homebrew/Cellar/gcc/12.2.0/lib/gcc/current/gcc/aarch64-apple-darwin21/12 -rpath /opt/homebrew/Cellar/gcc/12.2.0/lib/gcc/current/gcc -rpath /opt/homebrew/Cellar/gcc/12.2.0/lib/gcc/current
collect2 version 12.2.0
/usr/bin/ld -dynamic -arch arm64 -syslibroot /Library/Developer/CommandLineTools/SDKs/MacOSX12.3.sdk -macosx_version_min 12.2 -o cmTC_84d58 -L/opt/homebrew/Cellar/gcc/12.2.0/bin/../lib/gcc/current/gcc/aarch64-apple-darwin21/12 -L/opt/homebrew/Cellar/gcc/12.2.0/bin/../lib/gcc/current/gcc -L/opt/homebrew/Cellar/gcc/12.2.0/bin/../lib/gcc/current/gcc/aarch64-apple-darwin21/12/../../.. -v CMakeFiles/cmTC_84d58.dir/CMakeFortranCompilerABI.F90.o -lgfortran -lemutls_w -lgcc -lquadmath -lemutls_w -lgcc -lSystem -lgcc -no_compact_unwind -rpath @loader_path -rpath /opt/homebrew/Cellar/gcc/12.2.0/lib/gcc/current/gcc/aarch64-apple-darwin21/12 -rpath /opt/homebrew/Cellar/gcc/12.2.0/lib/gcc/current/gcc -rpath /opt/homebrew/Cellar/gcc/12.2.0/lib/gcc/current
@(#)PROGRAM:ld  PROJECT:ld64-762
BUILD 12:49:08 Mar 30 2022
configured to support archs: armv6 armv7 armv7s arm64 arm64e arm64_32 i386 x86_64 x86_64h armv6m armv7k armv7m armv7em
Library search paths:
	/opt/homebrew/Cellar/gcc/12.2.0/lib/gcc/current/gcc/aarch64-apple-darwin21/12
	/opt/homebrew/Cellar/gcc/12.2.0/lib/gcc/current/gcc
	/opt/homebrew/Cellar/gcc/12.2.0/lib/gcc/current
	/Library/Developer/CommandLineTools/SDKs/MacOSX12.3.sdk/usr/lib
Framework search paths:
	/Library/Developer/CommandLineTools/SDKs/MacOSX12.3.sdk/System/Library/Frameworks/



Parsed Fortran implicit include dir info from above output: rv=done
  found start of include info
  found start of implicit include info
    add: [/opt/homebrew/Cellar/gcc/12.2.0/bin/../lib/gcc/current/gcc/aarch64-apple-darwin21/12/finclude]
    add: [/opt/homebrew/Cellar/gcc/12.2.0/bin/../lib/gcc/current/gcc/aarch64-apple-darwin21/12/include]
    add: [/opt/homebrew/Cellar/gcc/12.2.0/bin/../lib/gcc/current/gcc/aarch64-apple-darwin21/12/include-fixed]
    add: [/Library/Developer/CommandLineTools/SDKs/MacOSX12.3.sdk/usr/include]
  end of search list found
  collapse include dir [/opt/homebrew/Cellar/gcc/12.2.0/bin/../lib/gcc/current/gcc/aarch64-apple-darwin21/12/finclude] ==> [/opt/homebrew/Cellar/gcc/12.2.0/lib/gcc/current/gcc/aarch64-apple-darwin21/12/finclude]
  collapse include dir [/opt/homebrew/Cellar/gcc/12.2.0/bin/../lib/gcc/current/gcc/aarch64-apple-darwin21/12/include] ==> [/opt/homebrew/Cellar/gcc/12.2.0/lib/gcc/current/gcc/aarch64-apple-darwin21/12/include]
  collapse include dir [/opt/homebrew/Cellar/gcc/12.2.0/bin/../lib/gcc/current/gcc/aarch64-apple-darwin21/12/include-fixed] ==> [/opt/homebrew/Cellar/gcc/12.2.0/lib/gcc/current/gcc/aarch64-apple-darwin21/12/include-fixed]
  collapse include dir [/Library/Developer/CommandLineTools/SDKs/MacOSX12.3.sdk/usr/include] ==> [/Library/Developer/CommandLineTools/SDKs/MacOSX12.3.sdk/usr/include]
  implicit include dirs: [/opt/homebrew/Cellar/gcc/12.2.0/lib/gcc/current/gcc/aarch64-apple-darwin21/12/finclude;/opt/homebrew/Cellar/gcc/12.2.0/lib/gcc/current/gcc/aarch64-apple-darwin21/12/include;/opt/homebrew/Cellar/gcc/12.2.0/lib/gcc/current/gcc/aarch64-apple-darwin21/12/include-fixed;/Library/Developer/CommandLineTools/SDKs/MacOSX12.3.sdk/usr/include]


Parsed Fortran implicit link information from above output:
  link line regex: [^( *|.*[/\])(ld|CMAKE_LINK_STARTFILE-NOTFOUND|([^/\]+-)?ld|collect2)[^/\]*( |$)]
  ignore line: [Change Dir: /Users/oscarmojica/Desktop/interfacing_fortran_from_python/elaborate_example/_build/CMakeFiles/CMakeTmp]
  ignore line: []
  ignore line: [Run Build Command(s):/usr/bin/make -f Makefile cmTC_84d58/fast && /Library/Developer/CommandLineTools/usr/bin/make  -f CMakeFiles/cmTC_84d58.dir/build.make CMakeFiles/cmTC_84d58.dir/build]
  ignore line: [Building Fortran object CMakeFiles/cmTC_84d58.dir/CMakeFortranCompilerABI.F90.o]
  ignore line: [/opt/homebrew/bin/gfortran   -isysroot /Library/Developer/CommandLineTools/SDKs/MacOSX12.3.sdk -mmacosx-version-min=12.2   -v -Wl -v -c /Users/oscarmojica/miniforge3/envs/devito/lib/python3.10/site-packages/cmake/data/CMake.app/Contents/share/cmake-3.22/Modules/CMakeFortranCompilerABI.F90 -o CMakeFiles/cmTC_84d58.dir/CMakeFortranCompilerABI.F90.o]
  ignore line: [Using built-in specs.]
  ignore line: [COLLECT_GCC=/opt/homebrew/bin/gfortran]
  ignore line: [Target: aarch64-apple-darwin21]
  ignore line: [Configured with: ../configure --prefix=/opt/homebrew/opt/gcc --libdir=/opt/homebrew/opt/gcc/lib/gcc/current --disable-nls --enable-checking=release --with-gcc-major-version-only --enable-languages=c c++ objc obj-c++ fortran --program-suffix=-12 --with-gmp=/opt/homebrew/opt/gmp --with-mpfr=/opt/homebrew/opt/mpfr --with-mpc=/opt/homebrew/opt/libmpc --with-isl=/opt/homebrew/opt/isl --with-zstd=/opt/homebrew/opt/zstd --with-pkgversion='Homebrew GCC 12.2.0' --with-bugurl=https://github.com/Homebrew/homebrew-core/issues --with-system-zlib --build=aarch64-apple-darwin21 --with-sysroot=/Library/Developer/CommandLineTools/SDKs/MacOSX12.sdk]
  ignore line: [Thread model: posix]
  ignore line: [Supported LTO compression algorithms: zlib zstd]
  ignore line: [gcc version 12.2.0 (Homebrew GCC 12.2.0) ]
  ignore line: [COLLECT_GCC_OPTIONS='-isysroot' '/Library/Developer/CommandLineTools/SDKs/MacOSX12.3.sdk' '-v' '-c' '-o' 'CMakeFiles/cmTC_84d58.dir/CMakeFortranCompilerABI.F90.o' '-mmacosx-version-min=12.2' '-asm_macosx_version_min=12.2' '-nodefaultexport' '-mlittle-endian' '-mabi=lp64' '-dumpdir' 'CMakeFiles/cmTC_84d58.dir/']
  ignore line: [ /opt/homebrew/Cellar/gcc/12.2.0/bin/../libexec/gcc/aarch64-apple-darwin21/12/f951 /Users/oscarmojica/miniforge3/envs/devito/lib/python3.10/site-packages/cmake/data/CMake.app/Contents/share/cmake-3.22/Modules/CMakeFortranCompilerABI.F90 -cpp=/var/folders/4d/m6mrl1nj061f_p99n7typgmr0000gn/T//ccEnva2m.f90 -quiet -v -iprefix /opt/homebrew/Cellar/gcc/12.2.0/bin/../lib/gcc/current/gcc/aarch64-apple-darwin21/12/ -D__DYNAMIC__ -isysroot /Library/Developer/CommandLineTools/SDKs/MacOSX12.3.sdk /Users/oscarmojica/miniforge3/envs/devito/lib/python3.10/site-packages/cmake/data/CMake.app/Contents/share/cmake-3.22/Modules/CMakeFortranCompilerABI.F90 -fPIC -quiet -dumpdir CMakeFiles/cmTC_84d58.dir/ -dumpbase CMakeFortranCompilerABI.F90.F90 -dumpbase-ext .F90 -mmacosx-version-min=12.2 -mlittle-endian -mabi=lp64 -version -fintrinsic-modules-path /opt/homebrew/Cellar/gcc/12.2.0/bin/../lib/gcc/current/gcc/aarch64-apple-darwin21/12/finclude -o /var/folders/4d/m6mrl1nj061f_p99n7typgmr0000gn/T//ccceEoHu.s]
  ignore line: [GNU Fortran (Homebrew GCC 12.2.0) version 12.2.0 (aarch64-apple-darwin21)]
  ignore line: [	compiled by GNU C version 12.2.0  GMP version 6.2.1  MPFR version 4.1.0-p13  MPC version 1.2.1  isl version isl-0.25-GMP]
  ignore line: []
  ignore line: [warning: MPFR header version 4.1.0-p13 differs from library version 4.2.0.]
  ignore line: [warning: MPC header version 1.2.1 differs from library version 1.3.1.]
  ignore line: [GGC heuristics: --param ggc-min-expand=100 --param ggc-min-heapsize=131072]
  ignore line: [ignoring nonexistent directory "/opt/homebrew/Cellar/gcc/12.2.0/bin/../lib/gcc/current/gcc/aarch64-apple-darwin21/12/../../../../../../aarch64-apple-darwin21/include"]
  ignore line: [ignoring duplicate directory "/opt/homebrew/Cellar/gcc/12.2.0/bin/../lib/gcc/current/gcc/../../../../lib/gcc/current/gcc/aarch64-apple-darwin21/12/include"]
  ignore line: [ignoring nonexistent directory "/Library/Developer/CommandLineTools/SDKs/MacOSX12.3.sdk/usr/local/include"]
  ignore line: [ignoring duplicate directory "/opt/homebrew/Cellar/gcc/12.2.0/bin/../lib/gcc/current/gcc/../../../../lib/gcc/current/gcc/aarch64-apple-darwin21/12/include-fixed"]
  ignore line: [ignoring nonexistent directory "/opt/homebrew/Cellar/gcc/12.2.0/bin/../lib/gcc/current/gcc/../../../../lib/gcc/current/gcc/aarch64-apple-darwin21/12/../../../../../../aarch64-apple-darwin21/include"]
  ignore line: [#include "..." search starts here:]
  ignore line: [#include <...> search starts here:]
  ignore line: [ /opt/homebrew/Cellar/gcc/12.2.0/bin/../lib/gcc/current/gcc/aarch64-apple-darwin21/12/finclude]
  ignore line: [ /opt/homebrew/Cellar/gcc/12.2.0/bin/../lib/gcc/current/gcc/aarch64-apple-darwin21/12/include]
  ignore line: [ /opt/homebrew/Cellar/gcc/12.2.0/bin/../lib/gcc/current/gcc/aarch64-apple-darwin21/12/include-fixed]
  ignore line: [ /Library/Developer/CommandLineTools/SDKs/MacOSX12.3.sdk/usr/include]
  ignore line: [End of search list.]
  ignore line: [GNU Fortran2008 (Homebrew GCC 12.2.0) version 12.2.0 (aarch64-apple-darwin21)]
  ignore line: [	compiled by GNU C version 12.2.0  GMP version 6.2.1  MPFR version 4.1.0-p13  MPC version 1.2.1  isl version isl-0.25-GMP]
  ignore line: []
  ignore line: [warning: MPFR header version 4.1.0-p13 differs from library version 4.2.0.]
  ignore line: [warning: MPC header version 1.2.1 differs from library version 1.3.1.]
  ignore line: [GGC heuristics: --param ggc-min-expand=100 --param ggc-min-heapsize=131072]
  ignore line: [COLLECT_GCC_OPTIONS='-isysroot' '/Library/Developer/CommandLineTools/SDKs/MacOSX12.3.sdk' '-v' '-c' '-o' 'CMakeFiles/cmTC_84d58.dir/CMakeFortranCompilerABI.F90.o' '-mmacosx-version-min=12.2'  '-nodefaultexport' '-mlittle-endian' '-mabi=lp64' '-dumpdir' 'CMakeFiles/cmTC_84d58.dir/']
  ignore line: [ as -arch arm64 -v -mmacosx-version-min=12.2 -o CMakeFiles/cmTC_84d58.dir/CMakeFortranCompilerABI.F90.o /var/folders/4d/m6mrl1nj061f_p99n7typgmr0000gn/T//ccceEoHu.s]
  ignore line: [Apple clang version 13.1.6 (clang-1316.0.21.2.3)]
  ignore line: [Target: arm64-apple-darwin21.3.0]
  ignore line: [Thread model: posix]
  ignore line: [InstalledDir: /Library/Developer/CommandLineTools/usr/bin]
  ignore line: [ "/Library/Developer/CommandLineTools/usr/bin/clang" -cc1as -triple arm64-apple-macosx12.2.0 -filetype obj -main-file-name ccceEoHu.s -target-cpu apple-m1 -target-feature +v8.5a -target-feature +fp-armv8 -target-feature +neon -target-feature +crc -target-feature +crypto -target-feature +dotprod -target-feature +fp16fml -target-feature +ras -target-feature +lse -target-feature +rdm -target-feature +rcpc -target-feature +zcm -target-feature +zcz -target-feature +fullfp16 -target-feature +sm4 -target-feature +sha3 -target-feature +sha2 -target-feature +aes -fdebug-compilation-dir=/Users/oscarmojica/Desktop/interfacing_fortran_from_python/elaborate_example/_build/CMakeFiles/CMakeTmp -dwarf-debug-producer "Apple clang version 13.1.6 (clang-1316.0.21.2.3)" -dwarf-version=4 -mrelocation-model pic --mrelax-relocations -mllvm -disable-aligned-alloc-awareness=1 -o CMakeFiles/cmTC_84d58.dir/CMakeFortranCompilerABI.F90.o /var/folders/4d/m6mrl1nj061f_p99n7typgmr0000gn/T//ccceEoHu.s]
  ignore line: [COMPILER_PATH=/opt/homebrew/Cellar/gcc/12.2.0/bin/../libexec/gcc/aarch64-apple-darwin21/12/:/opt/homebrew/Cellar/gcc/12.2.0/bin/../libexec/gcc/]
  ignore line: [LIBRARY_PATH=/opt/homebrew/Cellar/gcc/12.2.0/bin/../lib/gcc/current/gcc/aarch64-apple-darwin21/12/:/opt/homebrew/Cellar/gcc/12.2.0/bin/../lib/gcc/current/gcc/:/opt/homebrew/Cellar/gcc/12.2.0/bin/../lib/gcc/current/gcc/aarch64-apple-darwin21/12/../../../]
  ignore line: [COLLECT_GCC_OPTIONS='-isysroot' '/Library/Developer/CommandLineTools/SDKs/MacOSX12.3.sdk' '-v' '-c' '-o' 'CMakeFiles/cmTC_84d58.dir/CMakeFortranCompilerABI.F90.o' '-mmacosx-version-min=12.2'  '-nodefaultexport' '-mlittle-endian' '-mabi=lp64' '-dumpdir' 'CMakeFiles/cmTC_84d58.dir/CMakeFortranCompilerABI.F90.']
  ignore line: [Linking Fortran executable cmTC_84d58]
  ignore line: [/Users/oscarmojica/miniforge3/envs/devito/lib/python3.10/site-packages/cmake/data/CMake.app/Contents/bin/cmake -E cmake_link_script CMakeFiles/cmTC_84d58.dir/link.txt --verbose=1]
  ignore line: [/opt/homebrew/bin/gfortran  -v -Wl -v  -isysroot /Library/Developer/CommandLineTools/SDKs/MacOSX12.3.sdk -mmacosx-version-min=12.2 CMakeFiles/cmTC_84d58.dir/CMakeFortranCompilerABI.F90.o -o cmTC_84d58 ]
  ignore line: [Driving: /opt/homebrew/bin/gfortran -v -Wl -v -isysroot /Library/Developer/CommandLineTools/SDKs/MacOSX12.3.sdk CMakeFiles/cmTC_84d58.dir/CMakeFortranCompilerABI.F90.o -o cmTC_84d58 -mmacosx-version-min=12.2 -asm_macosx_version_min=12.2 -nodefaultexport -l gfortran]
  ignore line: [Using built-in specs.]
  ignore line: [COLLECT_GCC=/opt/homebrew/bin/gfortran]
  ignore line: [COLLECT_LTO_WRAPPER=/opt/homebrew/Cellar/gcc/12.2.0/bin/../libexec/gcc/aarch64-apple-darwin21/12/lto-wrapper]
  ignore line: [Target: aarch64-apple-darwin21]
  ignore line: [Configured with: ../configure --prefix=/opt/homebrew/opt/gcc --libdir=/opt/homebrew/opt/gcc/lib/gcc/current --disable-nls --enable-checking=release --with-gcc-major-version-only --enable-languages=c c++ objc obj-c++ fortran --program-suffix=-12 --with-gmp=/opt/homebrew/opt/gmp --with-mpfr=/opt/homebrew/opt/mpfr --with-mpc=/opt/homebrew/opt/libmpc --with-isl=/opt/homebrew/opt/isl --with-zstd=/opt/homebrew/opt/zstd --with-pkgversion='Homebrew GCC 12.2.0' --with-bugurl=https://github.com/Homebrew/homebrew-core/issues --with-system-zlib --build=aarch64-apple-darwin21 --with-sysroot=/Library/Developer/CommandLineTools/SDKs/MacOSX12.sdk]
  ignore line: [Thread model: posix]
  ignore line: [Supported LTO compression algorithms: zlib zstd]
  ignore line: [gcc version 12.2.0 (Homebrew GCC 12.2.0) ]
  ignore line: [Reading specs from /opt/homebrew/Cellar/gcc/12.2.0/bin/../lib/gcc/current/gcc/aarch64-apple-darwin21/12/../../../libgfortran.spec]
  ignore line: [rename spec lib to liborig]
  ignore line: [COLLECT_GCC_OPTIONS='-v' '-isysroot' '/Library/Developer/CommandLineTools/SDKs/MacOSX12.3.sdk' '-o' 'cmTC_84d58' '-mmacosx-version-min=12.2' '-asm_macosx_version_min=12.2' '-nodefaultexport' '-mlittle-endian' '-mabi=lp64' '-dumpdir' 'cmTC_84d58-']
  ignore line: [COMPILER_PATH=/opt/homebrew/Cellar/gcc/12.2.0/bin/../libexec/gcc/aarch64-apple-darwin21/12/:/opt/homebrew/Cellar/gcc/12.2.0/bin/../libexec/gcc/]
  ignore line: [LIBRARY_PATH=/opt/homebrew/Cellar/gcc/12.2.0/bin/../lib/gcc/current/gcc/aarch64-apple-darwin21/12/:/opt/homebrew/Cellar/gcc/12.2.0/bin/../lib/gcc/current/gcc/:/opt/homebrew/Cellar/gcc/12.2.0/bin/../lib/gcc/current/gcc/aarch64-apple-darwin21/12/../../../]
  ignore line: [COLLECT_GCC_OPTIONS='-v' '-isysroot' '/Library/Developer/CommandLineTools/SDKs/MacOSX12.3.sdk' '-o' 'cmTC_84d58' '-mmacosx-version-min=12.2' '-asm_macosx_version_min=12.2' '-nodefaultexport' '-mlittle-endian' '-mabi=lp64' '-dumpdir' 'cmTC_84d58.']
  link line: [ /opt/homebrew/Cellar/gcc/12.2.0/bin/../libexec/gcc/aarch64-apple-darwin21/12/collect2 -dynamic -arch arm64 -syslibroot /Library/Developer/CommandLineTools/SDKs/MacOSX12.3.sdk -macosx_version_min 12.2 -o cmTC_84d58 -L/opt/homebrew/Cellar/gcc/12.2.0/bin/../lib/gcc/current/gcc/aarch64-apple-darwin21/12 -L/opt/homebrew/Cellar/gcc/12.2.0/bin/../lib/gcc/current/gcc -L/opt/homebrew/Cellar/gcc/12.2.0/bin/../lib/gcc/current/gcc/aarch64-apple-darwin21/12/../../.. -v CMakeFiles/cmTC_84d58.dir/CMakeFortranCompilerABI.F90.o -lgfortran -lemutls_w -lgcc -lquadmath -lemutls_w -lgcc -lSystem -lgcc -no_compact_unwind -rpath @loader_path -rpath /opt/homebrew/Cellar/gcc/12.2.0/lib/gcc/current/gcc/aarch64-apple-darwin21/12 -rpath /opt/homebrew/Cellar/gcc/12.2.0/lib/gcc/current/gcc -rpath /opt/homebrew/Cellar/gcc/12.2.0/lib/gcc/current]
    arg [/opt/homebrew/Cellar/gcc/12.2.0/bin/../libexec/gcc/aarch64-apple-darwin21/12/collect2] ==> ignore
    arg [-dynamic] ==> ignore
    arg [-arch] ==> ignore
    arg [arm64] ==> ignore
    arg [-syslibroot] ==> ignore
    arg [/Library/Developer/CommandLineTools/SDKs/MacOSX12.3.sdk] ==> ignore
    arg [-macosx_version_min] ==> ignore
    arg [12.2] ==> ignore
    arg [-o] ==> ignore
    arg [cmTC_84d58] ==> ignore
    arg [-L/opt/homebrew/Cellar/gcc/12.2.0/bin/../lib/gcc/current/gcc/aarch64-apple-darwin21/12] ==> dir [/opt/homebrew/Cellar/gcc/12.2.0/bin/../lib/gcc/current/gcc/aarch64-apple-darwin21/12]
    arg [-L/opt/homebrew/Cellar/gcc/12.2.0/bin/../lib/gcc/current/gcc] ==> dir [/opt/homebrew/Cellar/gcc/12.2.0/bin/../lib/gcc/current/gcc]
    arg [-L/opt/homebrew/Cellar/gcc/12.2.0/bin/../lib/gcc/current/gcc/aarch64-apple-darwin21/12/../../..] ==> dir [/opt/homebrew/Cellar/gcc/12.2.0/bin/../lib/gcc/current/gcc/aarch64-apple-darwin21/12/../../..]
    arg [-v] ==> ignore
    arg [CMakeFiles/cmTC_84d58.dir/CMakeFortranCompilerABI.F90.o] ==> ignore
    arg [-lgfortran] ==> lib [gfortran]
    arg [-lemutls_w] ==> lib [emutls_w]
    arg [-lgcc] ==> lib [gcc]
    arg [-lquadmath] ==> lib [quadmath]
    arg [-lemutls_w] ==> lib [emutls_w]
    arg [-lgcc] ==> lib [gcc]
    arg [-lSystem] ==> lib [System]
    arg [-lgcc] ==> lib [gcc]
    arg [-no_compact_unwind] ==> ignore
    arg [-rpath] ==> ignore
    arg [@loader_path] ==> ignore
    arg [-rpath] ==> ignore
    arg [/opt/homebrew/Cellar/gcc/12.2.0/lib/gcc/current/gcc/aarch64-apple-darwin21/12] ==> ignore
    arg [-rpath] ==> ignore
    arg [/opt/homebrew/Cellar/gcc/12.2.0/lib/gcc/current/gcc] ==> ignore
    arg [-rpath] ==> ignore
    arg [/opt/homebrew/Cellar/gcc/12.2.0/lib/gcc/current] ==> ignore
  Library search paths: [;/opt/homebrew/Cellar/gcc/12.2.0/lib/gcc/current/gcc/aarch64-apple-darwin21/12;/opt/homebrew/Cellar/gcc/12.2.0/lib/gcc/current/gcc;/opt/homebrew/Cellar/gcc/12.2.0/lib/gcc/current;/Library/Developer/CommandLineTools/SDKs/MacOSX12.3.sdk/usr/lib]
  Framework search paths: [;/Library/Developer/CommandLineTools/SDKs/MacOSX12.3.sdk/System/Library/Frameworks/]
  remove lib [System]
  collapse library dir [/opt/homebrew/Cellar/gcc/12.2.0/bin/../lib/gcc/current/gcc/aarch64-apple-darwin21/12] ==> [/opt/homebrew/Cellar/gcc/12.2.0/lib/gcc/current/gcc/aarch64-apple-darwin21/12]
  collapse library dir [/opt/homebrew/Cellar/gcc/12.2.0/bin/../lib/gcc/current/gcc] ==> [/opt/homebrew/Cellar/gcc/12.2.0/lib/gcc/current/gcc]
  collapse library dir [/opt/homebrew/Cellar/gcc/12.2.0/bin/../lib/gcc/current/gcc/aarch64-apple-darwin21/12/../../..] ==> [/opt/homebrew/Cellar/gcc/12.2.0/lib/gcc/current]
  collapse library dir [/opt/homebrew/Cellar/gcc/12.2.0/lib/gcc/current/gcc/aarch64-apple-darwin21/12] ==> [/opt/homebrew/Cellar/gcc/12.2.0/lib/gcc/current/gcc/aarch64-apple-darwin21/12]
  collapse library dir [/opt/homebrew/Cellar/gcc/12.2.0/lib/gcc/current/gcc] ==> [/opt/homebrew/Cellar/gcc/12.2.0/lib/gcc/current/gcc]
  collapse library dir [/opt/homebrew/Cellar/gcc/12.2.0/lib/gcc/current] ==> [/opt/homebrew/Cellar/gcc/12.2.0/lib/gcc/current]
  collapse library dir [/Library/Developer/CommandLineTools/SDKs/MacOSX12.3.sdk/usr/lib] ==> [/Library/Developer/CommandLineTools/SDKs/MacOSX12.3.sdk/usr/lib]
  collapse framework dir [/Library/Developer/CommandLineTools/SDKs/MacOSX12.3.sdk/System/Library/Frameworks/] ==> [/Library/Developer/CommandLineTools/SDKs/MacOSX12.3.sdk/System/Library/Frameworks]
  implicit libs: [gfortran;emutls_w;gcc;quadmath;emutls_w;gcc;gcc]
  implicit objs: []
  implicit dirs: [/opt/homebrew/Cellar/gcc/12.2.0/lib/gcc/current/gcc/aarch64-apple-darwin21/12;/opt/homebrew/Cellar/gcc/12.2.0/lib/gcc/current/gcc;/opt/homebrew/Cellar/gcc/12.2.0/lib/gcc/current;/Library/Developer/CommandLineTools/SDKs/MacOSX12.3.sdk/usr/lib]
  implicit fwks: [/Library/Developer/CommandLineTools/SDKs/MacOSX12.3.sdk/System/Library/Frameworks]


Detecting Fortran OpenMP compiler ABI info compiled with the following output:
Change Dir: /Users/oscarmojica/Desktop/interfacing_fortran_from_python/elaborate_example/_build/CMakeFiles/CMakeTmp

Run Build Command(s):/usr/bin/make -f Makefile cmTC_58c69/fast && /Library/Developer/CommandLineTools/usr/bin/make  -f CMakeFiles/cmTC_58c69.dir/build.make CMakeFiles/cmTC_58c69.dir/build
Building Fortran object CMakeFiles/cmTC_58c69.dir/OpenMPTryFlag.f90.o
/opt/homebrew/bin/gfortran   -std=f2008 -fopenmp -v -isysroot /Library/Developer/CommandLineTools/SDKs/MacOSX12.3.sdk -mmacosx-version-min=12.2 -c /Users/oscarmojica/Desktop/interfacing_fortran_from_python/elaborate_example/_build/CMakeFiles/FindOpenMP/OpenMPTryFlag.f90 -o CMakeFiles/cmTC_58c69.dir/OpenMPTryFlag.f90.o
Using built-in specs.
COLLECT_GCC=/opt/homebrew/bin/gfortran
Target: aarch64-apple-darwin21
Configured with: ../configure --prefix=/opt/homebrew/opt/gcc --libdir=/opt/homebrew/opt/gcc/lib/gcc/current --disable-nls --enable-checking=release --with-gcc-major-version-only --enable-languages=c,c++,objc,obj-c++,fortran --program-suffix=-12 --with-gmp=/opt/homebrew/opt/gmp --with-mpfr=/opt/homebrew/opt/mpfr --with-mpc=/opt/homebrew/opt/libmpc --with-isl=/opt/homebrew/opt/isl --with-zstd=/opt/homebrew/opt/zstd --with-pkgversion='Homebrew GCC 12.2.0' --with-bugurl=https://github.com/Homebrew/homebrew-core/issues --with-system-zlib --build=aarch64-apple-darwin21 --with-sysroot=/Library/Developer/CommandLineTools/SDKs/MacOSX12.sdk
Thread model: posix
Supported LTO compression algorithms: zlib zstd
gcc version 12.2.0 (Homebrew GCC 12.2.0) 
COLLECT_GCC_OPTIONS='-std=f2008' '-fopenmp' '-v' '-isysroot' '/Library/Developer/CommandLineTools/SDKs/MacOSX12.3.sdk' '-c' '-o' 'CMakeFiles/cmTC_58c69.dir/OpenMPTryFlag.f90.o' '-mmacosx-version-min=12.2' '-asm_macosx_version_min=12.2' '-nodefaultexport' '-mlittle-endian' '-mabi=lp64' '-dumpdir' 'CMakeFiles/cmTC_58c69.dir/'
 /opt/homebrew/Cellar/gcc/12.2.0/bin/../libexec/gcc/aarch64-apple-darwin21/12/f951 /Users/oscarmojica/Desktop/interfacing_fortran_from_python/elaborate_example/_build/CMakeFiles/FindOpenMP/OpenMPTryFlag.f90 -isysroot /Library/Developer/CommandLineTools/SDKs/MacOSX12.3.sdk -fPIC -quiet -dumpdir CMakeFiles/cmTC_58c69.dir/ -dumpbase OpenMPTryFlag.f90.f90 -dumpbase-ext .f90 -mmacosx-version-min=12.2 -mlittle-endian -mabi=lp64 -std=f2008 -version -fopenmp -fintrinsic-modules-path /opt/homebrew/Cellar/gcc/12.2.0/bin/../lib/gcc/current/gcc/aarch64-apple-darwin21/12/finclude -o /var/folders/4d/m6mrl1nj061f_p99n7typgmr0000gn/T//cc0jgTnV.s
GNU Fortran (Homebrew GCC 12.2.0) version 12.2.0 (aarch64-apple-darwin21)
	compiled by GNU C version 12.2.0, GMP version 6.2.1, MPFR version 4.1.0-p13, MPC version 1.2.1, isl version isl-0.25-GMP

warning: MPFR header version 4.1.0-p13 differs from library version 4.2.0.
warning: MPC header version 1.2.1 differs from library version 1.3.1.
GGC heuristics: --param ggc-min-expand=100 --param ggc-min-heapsize=131072
GNU Fortran2008 (Homebrew GCC 12.2.0) version 12.2.0 (aarch64-apple-darwin21)
	compiled by GNU C version 12.2.0, GMP version 6.2.1, MPFR version 4.1.0-p13, MPC version 1.2.1, isl version isl-0.25-GMP

warning: MPFR header version 4.1.0-p13 differs from library version 4.2.0.
warning: MPC header version 1.2.1 differs from library version 1.3.1.
GGC heuristics: --param ggc-min-expand=100 --param ggc-min-heapsize=131072
COLLECT_GCC_OPTIONS='-std=f2008' '-fopenmp' '-v' '-isysroot' '/Library/Developer/CommandLineTools/SDKs/MacOSX12.3.sdk' '-c' '-o' 'CMakeFiles/cmTC_58c69.dir/OpenMPTryFlag.f90.o' '-mmacosx-version-min=12.2'  '-nodefaultexport' '-mlittle-endian' '-mabi=lp64' '-dumpdir' 'CMakeFiles/cmTC_58c69.dir/'
 as -arch arm64 -v -mmacosx-version-min=12.2 -o CMakeFiles/cmTC_58c69.dir/OpenMPTryFlag.f90.o /var/folders/4d/m6mrl1nj061f_p99n7typgmr0000gn/T//cc0jgTnV.s
Apple clang version 13.1.6 (clang-1316.0.21.2.3)
Target: arm64-apple-darwin21.3.0
Thread model: posix
InstalledDir: /Library/Developer/CommandLineTools/usr/bin
 "/Library/Developer/CommandLineTools/usr/bin/clang" -cc1as -triple arm64-apple-macosx12.2.0 -filetype obj -main-file-name cc0jgTnV.s -target-cpu apple-m1 -target-feature +v8.5a -target-feature +fp-armv8 -target-feature +neon -target-feature +crc -target-feature +crypto -target-feature +dotprod -target-feature +fp16fml -target-feature +ras -target-feature +lse -target-feature +rdm -target-feature +rcpc -target-feature +zcm -target-feature +zcz -target-feature +fullfp16 -target-feature +sm4 -target-feature +sha3 -target-feature +sha2 -target-feature +aes -fdebug-compilation-dir=/Users/oscarmojica/Desktop/interfacing_fortran_from_python/elaborate_example/_build/CMakeFiles/CMakeTmp -dwarf-debug-producer "Apple clang version 13.1.6 (clang-1316.0.21.2.3)" -dwarf-version=4 -mrelocation-model pic --mrelax-relocations -mllvm -disable-aligned-alloc-awareness=1 -o CMakeFiles/cmTC_58c69.dir/OpenMPTryFlag.f90.o /var/folders/4d/m6mrl1nj061f_p99n7typgmr0000gn/T//cc0jgTnV.s
COMPILER_PATH=/opt/homebrew/Cellar/gcc/12.2.0/bin/../libexec/gcc/aarch64-apple-darwin21/12/:/opt/homebrew/Cellar/gcc/12.2.0/bin/../libexec/gcc/
LIBRARY_PATH=/opt/homebrew/Cellar/gcc/12.2.0/bin/../lib/gcc/current/gcc/aarch64-apple-darwin21/12/:/opt/homebrew/Cellar/gcc/12.2.0/bin/../lib/gcc/current/gcc/:/opt/homebrew/Cellar/gcc/12.2.0/bin/../lib/gcc/current/gcc/aarch64-apple-darwin21/12/../../../
COLLECT_GCC_OPTIONS='-std=f2008' '-fopenmp' '-v' '-isysroot' '/Library/Developer/CommandLineTools/SDKs/MacOSX12.3.sdk' '-c' '-o' 'CMakeFiles/cmTC_58c69.dir/OpenMPTryFlag.f90.o' '-mmacosx-version-min=12.2'  '-nodefaultexport' '-mlittle-endian' '-mabi=lp64' '-dumpdir' 'CMakeFiles/cmTC_58c69.dir/OpenMPTryFlag.f90.'
Linking Fortran executable cmTC_58c69
/Users/oscarmojica/miniforge3/envs/devito/lib/python3.10/site-packages/cmake/data/CMake.app/Contents/bin/cmake -E cmake_link_script CMakeFiles/cmTC_58c69.dir/link.txt --verbose=1
/opt/homebrew/bin/gfortran   -std=f2008 -fopenmp -v -isysroot /Library/Developer/CommandLineTools/SDKs/MacOSX12.3.sdk -mmacosx-version-min=12.2 CMakeFiles/cmTC_58c69.dir/OpenMPTryFlag.f90.o -o cmTC_58c69  -v -Wl,-v 
Driving: /opt/homebrew/bin/gfortran -std=f2008 -fopenmp -v -isysroot /Library/Developer/CommandLineTools/SDKs/MacOSX12.3.sdk CMakeFiles/cmTC_58c69.dir/OpenMPTryFlag.f90.o -o cmTC_58c69 -v -Wl,-v -mmacosx-version-min=12.2 -asm_macosx_version_min=12.2 -nodefaultexport -l gfortran
Using built-in specs.
COLLECT_GCC=/opt/homebrew/bin/gfortran
COLLECT_LTO_WRAPPER=/opt/homebrew/Cellar/gcc/12.2.0/bin/../libexec/gcc/aarch64-apple-darwin21/12/lto-wrapper
Target: aarch64-apple-darwin21
Configured with: ../configure --prefix=/opt/homebrew/opt/gcc --libdir=/opt/homebrew/opt/gcc/lib/gcc/current --disable-nls --enable-checking=release --with-gcc-major-version-only --enable-languages=c,c++,objc,obj-c++,fortran --program-suffix=-12 --with-gmp=/opt/homebrew/opt/gmp --with-mpfr=/opt/homebrew/opt/mpfr --with-mpc=/opt/homebrew/opt/libmpc --with-isl=/opt/homebrew/opt/isl --with-zstd=/opt/homebrew/opt/zstd --with-pkgversion='Homebrew GCC 12.2.0' --with-bugurl=https://github.com/Homebrew/homebrew-core/issues --with-system-zlib --build=aarch64-apple-darwin21 --with-sysroot=/Library/Developer/CommandLineTools/SDKs/MacOSX12.sdk
Thread model: posix
Supported LTO compression algorithms: zlib zstd
gcc version 12.2.0 (Homebrew GCC 12.2.0) 
Reading specs from /opt/homebrew/Cellar/gcc/12.2.0/bin/../lib/gcc/current/gcc/aarch64-apple-darwin21/12/../../../libgfortran.spec
rename spec lib to liborig
COLLECT_GCC_OPTIONS='-std=f2008' '-fopenmp' '-v' '-isysroot' '/Library/Developer/CommandLineTools/SDKs/MacOSX12.3.sdk' '-o' 'cmTC_58c69' '-v' '-mmacosx-version-min=12.2' '-asm_macosx_version_min=12.2' '-nodefaultexport' '-mlittle-endian' '-mabi=lp64' '-dumpdir' 'cmTC_58c69-'
COMPILER_PATH=/opt/homebrew/Cellar/gcc/12.2.0/bin/../libexec/gcc/aarch64-apple-darwin21/12/:/opt/homebrew/Cellar/gcc/12.2.0/bin/../libexec/gcc/
LIBRARY_PATH=/opt/homebrew/Cellar/gcc/12.2.0/bin/../lib/gcc/current/gcc/aarch64-apple-darwin21/12/:/opt/homebrew/Cellar/gcc/12.2.0/bin/../lib/gcc/current/gcc/:/opt/homebrew/Cellar/gcc/12.2.0/bin/../lib/gcc/current/gcc/aarch64-apple-darwin21/12/../../../
COLLECT_GCC_OPTIONS='-std=f2008' '-fopenmp' '-v' '-isysroot' '/Library/Developer/CommandLineTools/SDKs/MacOSX12.3.sdk' '-o' 'cmTC_58c69' '-v' '-mmacosx-version-min=12.2' '-asm_macosx_version_min=12.2' '-nodefaultexport' '-mlittle-endian' '-mabi=lp64' '-dumpdir' 'cmTC_58c69.'
 /opt/homebrew/Cellar/gcc/12.2.0/bin/../libexec/gcc/aarch64-apple-darwin21/12/collect2 -dynamic -arch arm64 -syslibroot /Library/Developer/CommandLineTools/SDKs/MacOSX12.3.sdk -macosx_version_min 12.2 -o cmTC_58c69 -L/opt/homebrew/Cellar/gcc/12.2.0/bin/../lib/gcc/current/gcc/aarch64-apple-darwin21/12 -L/opt/homebrew/Cellar/gcc/12.2.0/bin/../lib/gcc/current/gcc -L/opt/homebrew/Cellar/gcc/12.2.0/bin/../lib/gcc/current/gcc/aarch64-apple-darwin21/12/../../.. CMakeFiles/cmTC_58c69.dir/OpenMPTryFlag.f90.o -v -lgfortran -lgomp -lemutls_w -lgcc -lquadmath -lemutls_w -lgcc -lSystem -lgcc -no_compact_unwind -rpath @loader_path -rpath /opt/homebrew/Cellar/gcc/12.2.0/lib/gcc/current/gcc/aarch64-apple-darwin21/12 -rpath /opt/homebrew/Cellar/gcc/12.2.0/lib/gcc/current/gcc -rpath /opt/homebrew/Cellar/gcc/12.2.0/lib/gcc/current
collect2 version 12.2.0
/usr/bin/ld -dynamic -arch arm64 -syslibroot /Library/Developer/CommandLineTools/SDKs/MacOSX12.3.sdk -macosx_version_min 12.2 -o cmTC_58c69 -L/opt/homebrew/Cellar/gcc/12.2.0/bin/../lib/gcc/current/gcc/aarch64-apple-darwin21/12 -L/opt/homebrew/Cellar/gcc/12.2.0/bin/../lib/gcc/current/gcc -L/opt/homebrew/Cellar/gcc/12.2.0/bin/../lib/gcc/current/gcc/aarch64-apple-darwin21/12/../../.. CMakeFiles/cmTC_58c69.dir/OpenMPTryFlag.f90.o -v -lgfortran -lgomp -lemutls_w -lgcc -lquadmath -lemutls_w -lgcc -lSystem -lgcc -no_compact_unwind -rpath @loader_path -rpath /opt/homebrew/Cellar/gcc/12.2.0/lib/gcc/current/gcc/aarch64-apple-darwin21/12 -rpath /opt/homebrew/Cellar/gcc/12.2.0/lib/gcc/current/gcc -rpath /opt/homebrew/Cellar/gcc/12.2.0/lib/gcc/current
@(#)PROGRAM:ld  PROJECT:ld64-762
BUILD 12:49:08 Mar 30 2022
configured to support archs: armv6 armv7 armv7s arm64 arm64e arm64_32 i386 x86_64 x86_64h armv6m armv7k armv7m armv7em
Library search paths:
	/opt/homebrew/Cellar/gcc/12.2.0/lib/gcc/current/gcc/aarch64-apple-darwin21/12
	/opt/homebrew/Cellar/gcc/12.2.0/lib/gcc/current/gcc
	/opt/homebrew/Cellar/gcc/12.2.0/lib/gcc/current
	/Library/Developer/CommandLineTools/SDKs/MacOSX12.3.sdk/usr/lib
Framework search paths:
	/Library/Developer/CommandLineTools/SDKs/MacOSX12.3.sdk/System/Library/Frameworks/



Parsed Fortran OpenMP implicit link information from above output:
  link line regex: [^( *|.*[/\])(ld|CMAKE_LINK_STARTFILE-NOTFOUND|([^/\]+-)?ld|collect2)[^/\]*( |$)]
  ignore line: [Change Dir: /Users/oscarmojica/Desktop/interfacing_fortran_from_python/elaborate_example/_build/CMakeFiles/CMakeTmp]
  ignore line: []
  ignore line: [Run Build Command(s):/usr/bin/make -f Makefile cmTC_58c69/fast && /Library/Developer/CommandLineTools/usr/bin/make  -f CMakeFiles/cmTC_58c69.dir/build.make CMakeFiles/cmTC_58c69.dir/build]
  ignore line: [Building Fortran object CMakeFiles/cmTC_58c69.dir/OpenMPTryFlag.f90.o]
  ignore line: [/opt/homebrew/bin/gfortran   -std=f2008 -fopenmp -v -isysroot /Library/Developer/CommandLineTools/SDKs/MacOSX12.3.sdk -mmacosx-version-min=12.2 -c /Users/oscarmojica/Desktop/interfacing_fortran_from_python/elaborate_example/_build/CMakeFiles/FindOpenMP/OpenMPTryFlag.f90 -o CMakeFiles/cmTC_58c69.dir/OpenMPTryFlag.f90.o]
  ignore line: [Using built-in specs.]
  ignore line: [COLLECT_GCC=/opt/homebrew/bin/gfortran]
  ignore line: [Target: aarch64-apple-darwin21]
  ignore line: [Configured with: ../configure --prefix=/opt/homebrew/opt/gcc --libdir=/opt/homebrew/opt/gcc/lib/gcc/current --disable-nls --enable-checking=release --with-gcc-major-version-only --enable-languages=c c++ objc obj-c++ fortran --program-suffix=-12 --with-gmp=/opt/homebrew/opt/gmp --with-mpfr=/opt/homebrew/opt/mpfr --with-mpc=/opt/homebrew/opt/libmpc --with-isl=/opt/homebrew/opt/isl --with-zstd=/opt/homebrew/opt/zstd --with-pkgversion='Homebrew GCC 12.2.0' --with-bugurl=https://github.com/Homebrew/homebrew-core/issues --with-system-zlib --build=aarch64-apple-darwin21 --with-sysroot=/Library/Developer/CommandLineTools/SDKs/MacOSX12.sdk]
  ignore line: [Thread model: posix]
  ignore line: [Supported LTO compression algorithms: zlib zstd]
  ignore line: [gcc version 12.2.0 (Homebrew GCC 12.2.0) ]
  ignore line: [COLLECT_GCC_OPTIONS='-std=f2008' '-fopenmp' '-v' '-isysroot' '/Library/Developer/CommandLineTools/SDKs/MacOSX12.3.sdk' '-c' '-o' 'CMakeFiles/cmTC_58c69.dir/OpenMPTryFlag.f90.o' '-mmacosx-version-min=12.2' '-asm_macosx_version_min=12.2' '-nodefaultexport' '-mlittle-endian' '-mabi=lp64' '-dumpdir' 'CMakeFiles/cmTC_58c69.dir/']
  ignore line: [ /opt/homebrew/Cellar/gcc/12.2.0/bin/../libexec/gcc/aarch64-apple-darwin21/12/f951 /Users/oscarmojica/Desktop/interfacing_fortran_from_python/elaborate_example/_build/CMakeFiles/FindOpenMP/OpenMPTryFlag.f90 -isysroot /Library/Developer/CommandLineTools/SDKs/MacOSX12.3.sdk -fPIC -quiet -dumpdir CMakeFiles/cmTC_58c69.dir/ -dumpbase OpenMPTryFlag.f90.f90 -dumpbase-ext .f90 -mmacosx-version-min=12.2 -mlittle-endian -mabi=lp64 -std=f2008 -version -fopenmp -fintrinsic-modules-path /opt/homebrew/Cellar/gcc/12.2.0/bin/../lib/gcc/current/gcc/aarch64-apple-darwin21/12/finclude -o /var/folders/4d/m6mrl1nj061f_p99n7typgmr0000gn/T//cc0jgTnV.s]
  ignore line: [GNU Fortran (Homebrew GCC 12.2.0) version 12.2.0 (aarch64-apple-darwin21)]
  ignore line: [	compiled by GNU C version 12.2.0  GMP version 6.2.1  MPFR version 4.1.0-p13  MPC version 1.2.1  isl version isl-0.25-GMP]
  ignore line: []
  ignore line: [warning: MPFR header version 4.1.0-p13 differs from library version 4.2.0.]
  ignore line: [warning: MPC header version 1.2.1 differs from library version 1.3.1.]
  ignore line: [GGC heuristics: --param ggc-min-expand=100 --param ggc-min-heapsize=131072]
  ignore line: [GNU Fortran2008 (Homebrew GCC 12.2.0) version 12.2.0 (aarch64-apple-darwin21)]
  ignore line: [	compiled by GNU C version 12.2.0  GMP version 6.2.1  MPFR version 4.1.0-p13  MPC version 1.2.1  isl version isl-0.25-GMP]
  ignore line: []
  ignore line: [warning: MPFR header version 4.1.0-p13 differs from library version 4.2.0.]
  ignore line: [warning: MPC header version 1.2.1 differs from library version 1.3.1.]
  ignore line: [GGC heuristics: --param ggc-min-expand=100 --param ggc-min-heapsize=131072]
  ignore line: [COLLECT_GCC_OPTIONS='-std=f2008' '-fopenmp' '-v' '-isysroot' '/Library/Developer/CommandLineTools/SDKs/MacOSX12.3.sdk' '-c' '-o' 'CMakeFiles/cmTC_58c69.dir/OpenMPTryFlag.f90.o' '-mmacosx-version-min=12.2'  '-nodefaultexport' '-mlittle-endian' '-mabi=lp64' '-dumpdir' 'CMakeFiles/cmTC_58c69.dir/']
  ignore line: [ as -arch arm64 -v -mmacosx-version-min=12.2 -o CMakeFiles/cmTC_58c69.dir/OpenMPTryFlag.f90.o /var/folders/4d/m6mrl1nj061f_p99n7typgmr0000gn/T//cc0jgTnV.s]
  ignore line: [Apple clang version 13.1.6 (clang-1316.0.21.2.3)]
  ignore line: [Target: arm64-apple-darwin21.3.0]
  ignore line: [Thread model: posix]
  ignore line: [InstalledDir: /Library/Developer/CommandLineTools/usr/bin]
  ignore line: [ "/Library/Developer/CommandLineTools/usr/bin/clang" -cc1as -triple arm64-apple-macosx12.2.0 -filetype obj -main-file-name cc0jgTnV.s -target-cpu apple-m1 -target-feature +v8.5a -target-feature +fp-armv8 -target-feature +neon -target-feature +crc -target-feature +crypto -target-feature +dotprod -target-feature +fp16fml -target-feature +ras -target-feature +lse -target-feature +rdm -target-feature +rcpc -target-feature +zcm -target-feature +zcz -target-feature +fullfp16 -target-feature +sm4 -target-feature +sha3 -target-feature +sha2 -target-feature +aes -fdebug-compilation-dir=/Users/oscarmojica/Desktop/interfacing_fortran_from_python/elaborate_example/_build/CMakeFiles/CMakeTmp -dwarf-debug-producer "Apple clang version 13.1.6 (clang-1316.0.21.2.3)" -dwarf-version=4 -mrelocation-model pic --mrelax-relocations -mllvm -disable-aligned-alloc-awareness=1 -o CMakeFiles/cmTC_58c69.dir/OpenMPTryFlag.f90.o /var/folders/4d/m6mrl1nj061f_p99n7typgmr0000gn/T//cc0jgTnV.s]
  ignore line: [COMPILER_PATH=/opt/homebrew/Cellar/gcc/12.2.0/bin/../libexec/gcc/aarch64-apple-darwin21/12/:/opt/homebrew/Cellar/gcc/12.2.0/bin/../libexec/gcc/]
  ignore line: [LIBRARY_PATH=/opt/homebrew/Cellar/gcc/12.2.0/bin/../lib/gcc/current/gcc/aarch64-apple-darwin21/12/:/opt/homebrew/Cellar/gcc/12.2.0/bin/../lib/gcc/current/gcc/:/opt/homebrew/Cellar/gcc/12.2.0/bin/../lib/gcc/current/gcc/aarch64-apple-darwin21/12/../../../]
  ignore line: [COLLECT_GCC_OPTIONS='-std=f2008' '-fopenmp' '-v' '-isysroot' '/Library/Developer/CommandLineTools/SDKs/MacOSX12.3.sdk' '-c' '-o' 'CMakeFiles/cmTC_58c69.dir/OpenMPTryFlag.f90.o' '-mmacosx-version-min=12.2'  '-nodefaultexport' '-mlittle-endian' '-mabi=lp64' '-dumpdir' 'CMakeFiles/cmTC_58c69.dir/OpenMPTryFlag.f90.']
  ignore line: [Linking Fortran executable cmTC_58c69]
  ignore line: [/Users/oscarmojica/miniforge3/envs/devito/lib/python3.10/site-packages/cmake/data/CMake.app/Contents/bin/cmake -E cmake_link_script CMakeFiles/cmTC_58c69.dir/link.txt --verbose=1]
  ignore line: [/opt/homebrew/bin/gfortran   -std=f2008 -fopenmp -v -isysroot /Library/Developer/CommandLineTools/SDKs/MacOSX12.3.sdk -mmacosx-version-min=12.2 CMakeFiles/cmTC_58c69.dir/OpenMPTryFlag.f90.o -o cmTC_58c69  -v -Wl -v ]
  ignore line: [Driving: /opt/homebrew/bin/gfortran -std=f2008 -fopenmp -v -isysroot /Library/Developer/CommandLineTools/SDKs/MacOSX12.3.sdk CMakeFiles/cmTC_58c69.dir/OpenMPTryFlag.f90.o -o cmTC_58c69 -v -Wl -v -mmacosx-version-min=12.2 -asm_macosx_version_min=12.2 -nodefaultexport -l gfortran]
  ignore line: [Using built-in specs.]
  ignore line: [COLLECT_GCC=/opt/homebrew/bin/gfortran]
  ignore line: [COLLECT_LTO_WRAPPER=/opt/homebrew/Cellar/gcc/12.2.0/bin/../libexec/gcc/aarch64-apple-darwin21/12/lto-wrapper]
  ignore line: [Target: aarch64-apple-darwin21]
  ignore line: [Configured with: ../configure --prefix=/opt/homebrew/opt/gcc --libdir=/opt/homebrew/opt/gcc/lib/gcc/current --disable-nls --enable-checking=release --with-gcc-major-version-only --enable-languages=c c++ objc obj-c++ fortran --program-suffix=-12 --with-gmp=/opt/homebrew/opt/gmp --with-mpfr=/opt/homebrew/opt/mpfr --with-mpc=/opt/homebrew/opt/libmpc --with-isl=/opt/homebrew/opt/isl --with-zstd=/opt/homebrew/opt/zstd --with-pkgversion='Homebrew GCC 12.2.0' --with-bugurl=https://github.com/Homebrew/homebrew-core/issues --with-system-zlib --build=aarch64-apple-darwin21 --with-sysroot=/Library/Developer/CommandLineTools/SDKs/MacOSX12.sdk]
  ignore line: [Thread model: posix]
  ignore line: [Supported LTO compression algorithms: zlib zstd]
  ignore line: [gcc version 12.2.0 (Homebrew GCC 12.2.0) ]
  ignore line: [Reading specs from /opt/homebrew/Cellar/gcc/12.2.0/bin/../lib/gcc/current/gcc/aarch64-apple-darwin21/12/../../../libgfortran.spec]
  ignore line: [rename spec lib to liborig]
  ignore line: [COLLECT_GCC_OPTIONS='-std=f2008' '-fopenmp' '-v' '-isysroot' '/Library/Developer/CommandLineTools/SDKs/MacOSX12.3.sdk' '-o' 'cmTC_58c69' '-v' '-mmacosx-version-min=12.2' '-asm_macosx_version_min=12.2' '-nodefaultexport' '-mlittle-endian' '-mabi=lp64' '-dumpdir' 'cmTC_58c69-']
  ignore line: [COMPILER_PATH=/opt/homebrew/Cellar/gcc/12.2.0/bin/../libexec/gcc/aarch64-apple-darwin21/12/:/opt/homebrew/Cellar/gcc/12.2.0/bin/../libexec/gcc/]
  ignore line: [LIBRARY_PATH=/opt/homebrew/Cellar/gcc/12.2.0/bin/../lib/gcc/current/gcc/aarch64-apple-darwin21/12/:/opt/homebrew/Cellar/gcc/12.2.0/bin/../lib/gcc/current/gcc/:/opt/homebrew/Cellar/gcc/12.2.0/bin/../lib/gcc/current/gcc/aarch64-apple-darwin21/12/../../../]
  ignore line: [COLLECT_GCC_OPTIONS='-std=f2008' '-fopenmp' '-v' '-isysroot' '/Library/Developer/CommandLineTools/SDKs/MacOSX12.3.sdk' '-o' 'cmTC_58c69' '-v' '-mmacosx-version-min=12.2' '-asm_macosx_version_min=12.2' '-nodefaultexport' '-mlittle-endian' '-mabi=lp64' '-dumpdir' 'cmTC_58c69.']
  link line: [ /opt/homebrew/Cellar/gcc/12.2.0/bin/../libexec/gcc/aarch64-apple-darwin21/12/collect2 -dynamic -arch arm64 -syslibroot /Library/Developer/CommandLineTools/SDKs/MacOSX12.3.sdk -macosx_version_min 12.2 -o cmTC_58c69 -L/opt/homebrew/Cellar/gcc/12.2.0/bin/../lib/gcc/current/gcc/aarch64-apple-darwin21/12 -L/opt/homebrew/Cellar/gcc/12.2.0/bin/../lib/gcc/current/gcc -L/opt/homebrew/Cellar/gcc/12.2.0/bin/../lib/gcc/current/gcc/aarch64-apple-darwin21/12/../../.. CMakeFiles/cmTC_58c69.dir/OpenMPTryFlag.f90.o -v -lgfortran -lgomp -lemutls_w -lgcc -lquadmath -lemutls_w -lgcc -lSystem -lgcc -no_compact_unwind -rpath @loader_path -rpath /opt/homebrew/Cellar/gcc/12.2.0/lib/gcc/current/gcc/aarch64-apple-darwin21/12 -rpath /opt/homebrew/Cellar/gcc/12.2.0/lib/gcc/current/gcc -rpath /opt/homebrew/Cellar/gcc/12.2.0/lib/gcc/current]
    arg [/opt/homebrew/Cellar/gcc/12.2.0/bin/../libexec/gcc/aarch64-apple-darwin21/12/collect2] ==> ignore
    arg [-dynamic] ==> ignore
    arg [-arch] ==> ignore
    arg [arm64] ==> ignore
    arg [-syslibroot] ==> ignore
    arg [/Library/Developer/CommandLineTools/SDKs/MacOSX12.3.sdk] ==> ignore
    arg [-macosx_version_min] ==> ignore
    arg [12.2] ==> ignore
    arg [-o] ==> ignore
    arg [cmTC_58c69] ==> ignore
    arg [-L/opt/homebrew/Cellar/gcc/12.2.0/bin/../lib/gcc/current/gcc/aarch64-apple-darwin21/12] ==> dir [/opt/homebrew/Cellar/gcc/12.2.0/bin/../lib/gcc/current/gcc/aarch64-apple-darwin21/12]
    arg [-L/opt/homebrew/Cellar/gcc/12.2.0/bin/../lib/gcc/current/gcc] ==> dir [/opt/homebrew/Cellar/gcc/12.2.0/bin/../lib/gcc/current/gcc]
    arg [-L/opt/homebrew/Cellar/gcc/12.2.0/bin/../lib/gcc/current/gcc/aarch64-apple-darwin21/12/../../..] ==> dir [/opt/homebrew/Cellar/gcc/12.2.0/bin/../lib/gcc/current/gcc/aarch64-apple-darwin21/12/../../..]
    arg [CMakeFiles/cmTC_58c69.dir/OpenMPTryFlag.f90.o] ==> ignore
    arg [-v] ==> ignore
    arg [-lgfortran] ==> lib [gfortran]
    arg [-lgomp] ==> lib [gomp]
    arg [-lemutls_w] ==> lib [emutls_w]
    arg [-lgcc] ==> lib [gcc]
    arg [-lquadmath] ==> lib [quadmath]
    arg [-lemutls_w] ==> lib [emutls_w]
    arg [-lgcc] ==> lib [gcc]
    arg [-lSystem] ==> lib [System]
    arg [-lgcc] ==> lib [gcc]
    arg [-no_compact_unwind] ==> ignore
    arg [-rpath] ==> ignore
    arg [@loader_path] ==> ignore
    arg [-rpath] ==> ignore
    arg [/opt/homebrew/Cellar/gcc/12.2.0/lib/gcc/current/gcc/aarch64-apple-darwin21/12] ==> ignore
    arg [-rpath] ==> ignore
    arg [/opt/homebrew/Cellar/gcc/12.2.0/lib/gcc/current/gcc] ==> ignore
    arg [-rpath] ==> ignore
    arg [/opt/homebrew/Cellar/gcc/12.2.0/lib/gcc/current] ==> ignore
  Library search paths: [;/opt/homebrew/Cellar/gcc/12.2.0/lib/gcc/current/gcc/aarch64-apple-darwin21/12;/opt/homebrew/Cellar/gcc/12.2.0/lib/gcc/current/gcc;/opt/homebrew/Cellar/gcc/12.2.0/lib/gcc/current;/Library/Developer/CommandLineTools/SDKs/MacOSX12.3.sdk/usr/lib]
  Framework search paths: [;/Library/Developer/CommandLineTools/SDKs/MacOSX12.3.sdk/System/Library/Frameworks/]
  remove lib [System]
  collapse library dir [/opt/homebrew/Cellar/gcc/12.2.0/bin/../lib/gcc/current/gcc/aarch64-apple-darwin21/12] ==> [/opt/homebrew/Cellar/gcc/12.2.0/lib/gcc/current/gcc/aarch64-apple-darwin21/12]
  collapse library dir [/opt/homebrew/Cellar/gcc/12.2.0/bin/../lib/gcc/current/gcc] ==> [/opt/homebrew/Cellar/gcc/12.2.0/lib/gcc/current/gcc]
  collapse library dir [/opt/homebrew/Cellar/gcc/12.2.0/bin/../lib/gcc/current/gcc/aarch64-apple-darwin21/12/../../..] ==> [/opt/homebrew/Cellar/gcc/12.2.0/lib/gcc/current]
  collapse library dir [/opt/homebrew/Cellar/gcc/12.2.0/lib/gcc/current/gcc/aarch64-apple-darwin21/12] ==> [/opt/homebrew/Cellar/gcc/12.2.0/lib/gcc/current/gcc/aarch64-apple-darwin21/12]
  collapse library dir [/opt/homebrew/Cellar/gcc/12.2.0/lib/gcc/current/gcc] ==> [/opt/homebrew/Cellar/gcc/12.2.0/lib/gcc/current/gcc]
  collapse library dir [/opt/homebrew/Cellar/gcc/12.2.0/lib/gcc/current] ==> [/opt/homebrew/Cellar/gcc/12.2.0/lib/gcc/current]
  collapse library dir [/Library/Developer/CommandLineTools/SDKs/MacOSX12.3.sdk/usr/lib] ==> [/Library/Developer/CommandLineTools/SDKs/MacOSX12.3.sdk/usr/lib]
  collapse framework dir [/Library/Developer/CommandLineTools/SDKs/MacOSX12.3.sdk/System/Library/Frameworks/] ==> [/Library/Developer/CommandLineTools/SDKs/MacOSX12.3.sdk/System/Library/Frameworks]
  implicit libs: [gfortran;gomp;emutls_w;gcc;quadmath;emutls_w;gcc;gcc]
  implicit objs: []
  implicit dirs: [/opt/homebrew/Cellar/gcc/12.2.0/lib/gcc/current/gcc/aarch64-apple-darwin21/12;/opt/homebrew/Cellar/gcc/12.2.0/lib/gcc/current/gcc;/opt/homebrew/Cellar/gcc/12.2.0/lib/gcc/current;/Library/Developer/CommandLineTools/SDKs/MacOSX12.3.sdk/usr/lib]
  implicit fwks: [/Library/Developer/CommandLineTools/SDKs/MacOSX12.3.sdk/System/Library/Frameworks]


Detecting Fortran OpenMP compiler ABI info compiled with the following output:
Change Dir: /Users/oscarmojica/Desktop/interfacing_fortran_from_python/elaborate_example/_build/CMakeFiles/CMakeTmp

Run Build Command(s):/usr/bin/make -f Makefile cmTC_1062b/fast && /Library/Developer/CommandLineTools/usr/bin/make  -f CMakeFiles/cmTC_1062b.dir/build.make CMakeFiles/cmTC_1062b.dir/build
Building Fortran object CMakeFiles/cmTC_1062b.dir/OpenMPTryFlag.f90.o
/opt/homebrew/bin/gfortran   -std=f2008 -fopenmp -v -isysroot /Library/Developer/CommandLineTools/SDKs/MacOSX12.3.sdk -mmacosx-version-min=12.2 -c /Users/oscarmojica/Desktop/interfacing_fortran_from_python/elaborate_example/_build/CMakeFiles/FindOpenMP/OpenMPTryFlag.f90 -o CMakeFiles/cmTC_1062b.dir/OpenMPTryFlag.f90.o
Using built-in specs.
COLLECT_GCC=/opt/homebrew/bin/gfortran
Target: aarch64-apple-darwin21
Configured with: ../configure --prefix=/opt/homebrew/opt/gcc --libdir=/opt/homebrew/opt/gcc/lib/gcc/current --disable-nls --enable-checking=release --with-gcc-major-version-only --enable-languages=c,c++,objc,obj-c++,fortran --program-suffix=-12 --with-gmp=/opt/homebrew/opt/gmp --with-mpfr=/opt/homebrew/opt/mpfr --with-mpc=/opt/homebrew/opt/libmpc --with-isl=/opt/homebrew/opt/isl --with-zstd=/opt/homebrew/opt/zstd --with-pkgversion='Homebrew GCC 12.2.0' --with-bugurl=https://github.com/Homebrew/homebrew-core/issues --with-system-zlib --build=aarch64-apple-darwin21 --with-sysroot=/Library/Developer/CommandLineTools/SDKs/MacOSX12.sdk
Thread model: posix
Supported LTO compression algorithms: zlib zstd
gcc version 12.2.0 (Homebrew GCC 12.2.0) 
COLLECT_GCC_OPTIONS='-std=f2008' '-fopenmp' '-v' '-isysroot' '/Library/Developer/CommandLineTools/SDKs/MacOSX12.3.sdk' '-c' '-o' 'CMakeFiles/cmTC_1062b.dir/OpenMPTryFlag.f90.o' '-mmacosx-version-min=12.2' '-asm_macosx_version_min=12.2' '-nodefaultexport' '-mlittle-endian' '-mabi=lp64' '-dumpdir' 'CMakeFiles/cmTC_1062b.dir/'
 /opt/homebrew/Cellar/gcc/12.2.0/bin/../libexec/gcc/aarch64-apple-darwin21/12/f951 /Users/oscarmojica/Desktop/interfacing_fortran_from_python/elaborate_example/_build/CMakeFiles/FindOpenMP/OpenMPTryFlag.f90 -isysroot /Library/Developer/CommandLineTools/SDKs/MacOSX12.3.sdk -fPIC -quiet -dumpdir CMakeFiles/cmTC_1062b.dir/ -dumpbase OpenMPTryFlag.f90.f90 -dumpbase-ext .f90 -mmacosx-version-min=12.2 -mlittle-endian -mabi=lp64 -std=f2008 -version -fopenmp -fintrinsic-modules-path /opt/homebrew/Cellar/gcc/12.2.0/bin/../lib/gcc/current/gcc/aarch64-apple-darwin21/12/finclude -o /var/folders/4d/m6mrl1nj061f_p99n7typgmr0000gn/T//ccT2y0Ym.s
GNU Fortran (Homebrew GCC 12.2.0) version 12.2.0 (aarch64-apple-darwin21)
	compiled by GNU C version 12.2.0, GMP version 6.2.1, MPFR version 4.1.0-p13, MPC version 1.2.1, isl version isl-0.25-GMP

warning: MPFR header version 4.1.0-p13 differs from library version 4.2.0.
warning: MPC header version 1.2.1 differs from library version 1.3.1.
GGC heuristics: --param ggc-min-expand=100 --param ggc-min-heapsize=131072
GNU Fortran2008 (Homebrew GCC 12.2.0) version 12.2.0 (aarch64-apple-darwin21)
	compiled by GNU C version 12.2.0, GMP version 6.2.1, MPFR version 4.1.0-p13, MPC version 1.2.1, isl version isl-0.25-GMP

warning: MPFR header version 4.1.0-p13 differs from library version 4.2.0.
warning: MPC header version 1.2.1 differs from library version 1.3.1.
GGC heuristics: --param ggc-min-expand=100 --param ggc-min-heapsize=131072
COLLECT_GCC_OPTIONS='-std=f2008' '-fopenmp' '-v' '-isysroot' '/Library/Developer/CommandLineTools/SDKs/MacOSX12.3.sdk' '-c' '-o' 'CMakeFiles/cmTC_1062b.dir/OpenMPTryFlag.f90.o' '-mmacosx-version-min=12.2'  '-nodefaultexport' '-mlittle-endian' '-mabi=lp64' '-dumpdir' 'CMakeFiles/cmTC_1062b.dir/'
 as -arch arm64 -v -mmacosx-version-min=12.2 -o CMakeFiles/cmTC_1062b.dir/OpenMPTryFlag.f90.o /var/folders/4d/m6mrl1nj061f_p99n7typgmr0000gn/T//ccT2y0Ym.s
Apple clang version 13.1.6 (clang-1316.0.21.2.3)
Target: arm64-apple-darwin21.3.0
Thread model: posix
InstalledDir: /Library/Developer/CommandLineTools/usr/bin
 "/Library/Developer/CommandLineTools/usr/bin/clang" -cc1as -triple arm64-apple-macosx12.2.0 -filetype obj -main-file-name ccT2y0Ym.s -target-cpu apple-m1 -target-feature +v8.5a -target-feature +fp-armv8 -target-feature +neon -target-feature +crc -target-feature +crypto -target-feature +dotprod -target-feature +fp16fml -target-feature +ras -target-feature +lse -target-feature +rdm -target-feature +rcpc -target-feature +zcm -target-feature +zcz -target-feature +fullfp16 -target-feature +sm4 -target-feature +sha3 -target-feature +sha2 -target-feature +aes -fdebug-compilation-dir=/Users/oscarmojica/Desktop/interfacing_fortran_from_python/elaborate_example/_build/CMakeFiles/CMakeTmp -dwarf-debug-producer "Apple clang version 13.1.6 (clang-1316.0.21.2.3)" -dwarf-version=4 -mrelocation-model pic --mrelax-relocations -mllvm -disable-aligned-alloc-awareness=1 -o CMakeFiles/cmTC_1062b.dir/OpenMPTryFlag.f90.o /var/folders/4d/m6mrl1nj061f_p99n7typgmr0000gn/T//ccT2y0Ym.s
COMPILER_PATH=/opt/homebrew/Cellar/gcc/12.2.0/bin/../libexec/gcc/aarch64-apple-darwin21/12/:/opt/homebrew/Cellar/gcc/12.2.0/bin/../libexec/gcc/
LIBRARY_PATH=/opt/homebrew/Cellar/gcc/12.2.0/bin/../lib/gcc/current/gcc/aarch64-apple-darwin21/12/:/opt/homebrew/Cellar/gcc/12.2.0/bin/../lib/gcc/current/gcc/:/opt/homebrew/Cellar/gcc/12.2.0/bin/../lib/gcc/current/gcc/aarch64-apple-darwin21/12/../../../
COLLECT_GCC_OPTIONS='-std=f2008' '-fopenmp' '-v' '-isysroot' '/Library/Developer/CommandLineTools/SDKs/MacOSX12.3.sdk' '-c' '-o' 'CMakeFiles/cmTC_1062b.dir/OpenMPTryFlag.f90.o' '-mmacosx-version-min=12.2'  '-nodefaultexport' '-mlittle-endian' '-mabi=lp64' '-dumpdir' 'CMakeFiles/cmTC_1062b.dir/OpenMPTryFlag.f90.'
Linking Fortran executable cmTC_1062b
/Users/oscarmojica/miniforge3/envs/devito/lib/python3.10/site-packages/cmake/data/CMake.app/Contents/bin/cmake -E cmake_link_script CMakeFiles/cmTC_1062b.dir/link.txt --verbose=1
/opt/homebrew/bin/gfortran   -std=f2008 -fopenmp -v -isysroot /Library/Developer/CommandLineTools/SDKs/MacOSX12.3.sdk -mmacosx-version-min=12.2 CMakeFiles/cmTC_1062b.dir/OpenMPTryFlag.f90.o -o cmTC_1062b  -v -Wl,-v 
Driving: /opt/homebrew/bin/gfortran -std=f2008 -fopenmp -v -isysroot /Library/Developer/CommandLineTools/SDKs/MacOSX12.3.sdk CMakeFiles/cmTC_1062b.dir/OpenMPTryFlag.f90.o -o cmTC_1062b -v -Wl,-v -mmacosx-version-min=12.2 -asm_macosx_version_min=12.2 -nodefaultexport -l gfortran
Using built-in specs.
COLLECT_GCC=/opt/homebrew/bin/gfortran
COLLECT_LTO_WRAPPER=/opt/homebrew/Cellar/gcc/12.2.0/bin/../libexec/gcc/aarch64-apple-darwin21/12/lto-wrapper
Target: aarch64-apple-darwin21
Configured with: ../configure --prefix=/opt/homebrew/opt/gcc --libdir=/opt/homebrew/opt/gcc/lib/gcc/current --disable-nls --enable-checking=release --with-gcc-major-version-only --enable-languages=c,c++,objc,obj-c++,fortran --program-suffix=-12 --with-gmp=/opt/homebrew/opt/gmp --with-mpfr=/opt/homebrew/opt/mpfr --with-mpc=/opt/homebrew/opt/libmpc --with-isl=/opt/homebrew/opt/isl --with-zstd=/opt/homebrew/opt/zstd --with-pkgversion='Homebrew GCC 12.2.0' --with-bugurl=https://github.com/Homebrew/homebrew-core/issues --with-system-zlib --build=aarch64-apple-darwin21 --with-sysroot=/Library/Developer/CommandLineTools/SDKs/MacOSX12.sdk
Thread model: posix
Supported LTO compression algorithms: zlib zstd
gcc version 12.2.0 (Homebrew GCC 12.2.0) 
Reading specs from /opt/homebrew/Cellar/gcc/12.2.0/bin/../lib/gcc/current/gcc/aarch64-apple-darwin21/12/../../../libgfortran.spec
rename spec lib to liborig
COLLECT_GCC_OPTIONS='-std=f2008' '-fopenmp' '-v' '-isysroot' '/Library/Developer/CommandLineTools/SDKs/MacOSX12.3.sdk' '-o' 'cmTC_1062b' '-v' '-mmacosx-version-min=12.2' '-asm_macosx_version_min=12.2' '-nodefaultexport' '-mlittle-endian' '-mabi=lp64' '-dumpdir' 'cmTC_1062b-'
COMPILER_PATH=/opt/homebrew/Cellar/gcc/12.2.0/bin/../libexec/gcc/aarch64-apple-darwin21/12/:/opt/homebrew/Cellar/gcc/12.2.0/bin/../libexec/gcc/
LIBRARY_PATH=/opt/homebrew/Cellar/gcc/12.2.0/bin/../lib/gcc/current/gcc/aarch64-apple-darwin21/12/:/opt/homebrew/Cellar/gcc/12.2.0/bin/../lib/gcc/current/gcc/:/opt/homebrew/Cellar/gcc/12.2.0/bin/../lib/gcc/current/gcc/aarch64-apple-darwin21/12/../../../
COLLECT_GCC_OPTIONS='-std=f2008' '-fopenmp' '-v' '-isysroot' '/Library/Developer/CommandLineTools/SDKs/MacOSX12.3.sdk' '-o' 'cmTC_1062b' '-v' '-mmacosx-version-min=12.2' '-asm_macosx_version_min=12.2' '-nodefaultexport' '-mlittle-endian' '-mabi=lp64' '-dumpdir' 'cmTC_1062b.'
 /opt/homebrew/Cellar/gcc/12.2.0/bin/../libexec/gcc/aarch64-apple-darwin21/12/collect2 -dynamic -arch arm64 -syslibroot /Library/Developer/CommandLineTools/SDKs/MacOSX12.3.sdk -macosx_version_min 12.2 -o cmTC_1062b -L/opt/homebrew/Cellar/gcc/12.2.0/bin/../lib/gcc/current/gcc/aarch64-apple-darwin21/12 -L/opt/homebrew/Cellar/gcc/12.2.0/bin/../lib/gcc/current/gcc -L/opt/homebrew/Cellar/gcc/12.2.0/bin/../lib/gcc/current/gcc/aarch64-apple-darwin21/12/../../.. CMakeFiles/cmTC_1062b.dir/OpenMPTryFlag.f90.o -v -lgfortran -lgomp -lemutls_w -lgcc -lquadmath -lemutls_w -lgcc -lSystem -lgcc -no_compact_unwind -rpath @loader_path -rpath /opt/homebrew/Cellar/gcc/12.2.0/lib/gcc/current/gcc/aarch64-apple-darwin21/12 -rpath /opt/homebrew/Cellar/gcc/12.2.0/lib/gcc/current/gcc -rpath /opt/homebrew/Cellar/gcc/12.2.0/lib/gcc/current
collect2 version 12.2.0
/usr/bin/ld -dynamic -arch arm64 -syslibroot /Library/Developer/CommandLineTools/SDKs/MacOSX12.3.sdk -macosx_version_min 12.2 -o cmTC_1062b -L/opt/homebrew/Cellar/gcc/12.2.0/bin/../lib/gcc/current/gcc/aarch64-apple-darwin21/12 -L/opt/homebrew/Cellar/gcc/12.2.0/bin/../lib/gcc/current/gcc -L/opt/homebrew/Cellar/gcc/12.2.0/bin/../lib/gcc/current/gcc/aarch64-apple-darwin21/12/../../.. CMakeFiles/cmTC_1062b.dir/OpenMPTryFlag.f90.o -v -lgfortran -lgomp -lemutls_w -lgcc -lquadmath -lemutls_w -lgcc -lSystem -lgcc -no_compact_unwind -rpath @loader_path -rpath /opt/homebrew/Cellar/gcc/12.2.0/lib/gcc/current/gcc/aarch64-apple-darwin21/12 -rpath /opt/homebrew/Cellar/gcc/12.2.0/lib/gcc/current/gcc -rpath /opt/homebrew/Cellar/gcc/12.2.0/lib/gcc/current
@(#)PROGRAM:ld  PROJECT:ld64-762
BUILD 12:49:08 Mar 30 2022
configured to support archs: armv6 armv7 armv7s arm64 arm64e arm64_32 i386 x86_64 x86_64h armv6m armv7k armv7m armv7em
Library search paths:
	/opt/homebrew/Cellar/gcc/12.2.0/lib/gcc/current/gcc/aarch64-apple-darwin21/12
	/opt/homebrew/Cellar/gcc/12.2.0/lib/gcc/current/gcc
	/opt/homebrew/Cellar/gcc/12.2.0/lib/gcc/current
	/Library/Developer/CommandLineTools/SDKs/MacOSX12.3.sdk/usr/lib
Framework search paths:
	/Library/Developer/CommandLineTools/SDKs/MacOSX12.3.sdk/System/Library/Frameworks/



Parsed Fortran OpenMP implicit link information from above output:
  link line regex: [^( *|.*[/\])(ld|CMAKE_LINK_STARTFILE-NOTFOUND|([^/\]+-)?ld|collect2)[^/\]*( |$)]
  ignore line: [Change Dir: /Users/oscarmojica/Desktop/interfacing_fortran_from_python/elaborate_example/_build/CMakeFiles/CMakeTmp]
  ignore line: []
  ignore line: [Run Build Command(s):/usr/bin/make -f Makefile cmTC_1062b/fast && /Library/Developer/CommandLineTools/usr/bin/make  -f CMakeFiles/cmTC_1062b.dir/build.make CMakeFiles/cmTC_1062b.dir/build]
  ignore line: [Building Fortran object CMakeFiles/cmTC_1062b.dir/OpenMPTryFlag.f90.o]
  ignore line: [/opt/homebrew/bin/gfortran   -std=f2008 -fopenmp -v -isysroot /Library/Developer/CommandLineTools/SDKs/MacOSX12.3.sdk -mmacosx-version-min=12.2 -c /Users/oscarmojica/Desktop/interfacing_fortran_from_python/elaborate_example/_build/CMakeFiles/FindOpenMP/OpenMPTryFlag.f90 -o CMakeFiles/cmTC_1062b.dir/OpenMPTryFlag.f90.o]
  ignore line: [Using built-in specs.]
  ignore line: [COLLECT_GCC=/opt/homebrew/bin/gfortran]
  ignore line: [Target: aarch64-apple-darwin21]
  ignore line: [Configured with: ../configure --prefix=/opt/homebrew/opt/gcc --libdir=/opt/homebrew/opt/gcc/lib/gcc/current --disable-nls --enable-checking=release --with-gcc-major-version-only --enable-languages=c c++ objc obj-c++ fortran --program-suffix=-12 --with-gmp=/opt/homebrew/opt/gmp --with-mpfr=/opt/homebrew/opt/mpfr --with-mpc=/opt/homebrew/opt/libmpc --with-isl=/opt/homebrew/opt/isl --with-zstd=/opt/homebrew/opt/zstd --with-pkgversion='Homebrew GCC 12.2.0' --with-bugurl=https://github.com/Homebrew/homebrew-core/issues --with-system-zlib --build=aarch64-apple-darwin21 --with-sysroot=/Library/Developer/CommandLineTools/SDKs/MacOSX12.sdk]
  ignore line: [Thread model: posix]
  ignore line: [Supported LTO compression algorithms: zlib zstd]
  ignore line: [gcc version 12.2.0 (Homebrew GCC 12.2.0) ]
  ignore line: [COLLECT_GCC_OPTIONS='-std=f2008' '-fopenmp' '-v' '-isysroot' '/Library/Developer/CommandLineTools/SDKs/MacOSX12.3.sdk' '-c' '-o' 'CMakeFiles/cmTC_1062b.dir/OpenMPTryFlag.f90.o' '-mmacosx-version-min=12.2' '-asm_macosx_version_min=12.2' '-nodefaultexport' '-mlittle-endian' '-mabi=lp64' '-dumpdir' 'CMakeFiles/cmTC_1062b.dir/']
  ignore line: [ /opt/homebrew/Cellar/gcc/12.2.0/bin/../libexec/gcc/aarch64-apple-darwin21/12/f951 /Users/oscarmojica/Desktop/interfacing_fortran_from_python/elaborate_example/_build/CMakeFiles/FindOpenMP/OpenMPTryFlag.f90 -isysroot /Library/Developer/CommandLineTools/SDKs/MacOSX12.3.sdk -fPIC -quiet -dumpdir CMakeFiles/cmTC_1062b.dir/ -dumpbase OpenMPTryFlag.f90.f90 -dumpbase-ext .f90 -mmacosx-version-min=12.2 -mlittle-endian -mabi=lp64 -std=f2008 -version -fopenmp -fintrinsic-modules-path /opt/homebrew/Cellar/gcc/12.2.0/bin/../lib/gcc/current/gcc/aarch64-apple-darwin21/12/finclude -o /var/folders/4d/m6mrl1nj061f_p99n7typgmr0000gn/T//ccT2y0Ym.s]
  ignore line: [GNU Fortran (Homebrew GCC 12.2.0) version 12.2.0 (aarch64-apple-darwin21)]
  ignore line: [	compiled by GNU C version 12.2.0  GMP version 6.2.1  MPFR version 4.1.0-p13  MPC version 1.2.1  isl version isl-0.25-GMP]
  ignore line: []
  ignore line: [warning: MPFR header version 4.1.0-p13 differs from library version 4.2.0.]
  ignore line: [warning: MPC header version 1.2.1 differs from library version 1.3.1.]
  ignore line: [GGC heuristics: --param ggc-min-expand=100 --param ggc-min-heapsize=131072]
  ignore line: [GNU Fortran2008 (Homebrew GCC 12.2.0) version 12.2.0 (aarch64-apple-darwin21)]
  ignore line: [	compiled by GNU C version 12.2.0  GMP version 6.2.1  MPFR version 4.1.0-p13  MPC version 1.2.1  isl version isl-0.25-GMP]
  ignore line: []
  ignore line: [warning: MPFR header version 4.1.0-p13 differs from library version 4.2.0.]
  ignore line: [warning: MPC header version 1.2.1 differs from library version 1.3.1.]
  ignore line: [GGC heuristics: --param ggc-min-expand=100 --param ggc-min-heapsize=131072]
  ignore line: [COLLECT_GCC_OPTIONS='-std=f2008' '-fopenmp' '-v' '-isysroot' '/Library/Developer/CommandLineTools/SDKs/MacOSX12.3.sdk' '-c' '-o' 'CMakeFiles/cmTC_1062b.dir/OpenMPTryFlag.f90.o' '-mmacosx-version-min=12.2'  '-nodefaultexport' '-mlittle-endian' '-mabi=lp64' '-dumpdir' 'CMakeFiles/cmTC_1062b.dir/']
  ignore line: [ as -arch arm64 -v -mmacosx-version-min=12.2 -o CMakeFiles/cmTC_1062b.dir/OpenMPTryFlag.f90.o /var/folders/4d/m6mrl1nj061f_p99n7typgmr0000gn/T//ccT2y0Ym.s]
  ignore line: [Apple clang version 13.1.6 (clang-1316.0.21.2.3)]
  ignore line: [Target: arm64-apple-darwin21.3.0]
  ignore line: [Thread model: posix]
  ignore line: [InstalledDir: /Library/Developer/CommandLineTools/usr/bin]
  ignore line: [ "/Library/Developer/CommandLineTools/usr/bin/clang" -cc1as -triple arm64-apple-macosx12.2.0 -filetype obj -main-file-name ccT2y0Ym.s -target-cpu apple-m1 -target-feature +v8.5a -target-feature +fp-armv8 -target-feature +neon -target-feature +crc -target-feature +crypto -target-feature +dotprod -target-feature +fp16fml -target-feature +ras -target-feature +lse -target-feature +rdm -target-feature +rcpc -target-feature +zcm -target-feature +zcz -target-feature +fullfp16 -target-feature +sm4 -target-feature +sha3 -target-feature +sha2 -target-feature +aes -fdebug-compilation-dir=/Users/oscarmojica/Desktop/interfacing_fortran_from_python/elaborate_example/_build/CMakeFiles/CMakeTmp -dwarf-debug-producer "Apple clang version 13.1.6 (clang-1316.0.21.2.3)" -dwarf-version=4 -mrelocation-model pic --mrelax-relocations -mllvm -disable-aligned-alloc-awareness=1 -o CMakeFiles/cmTC_1062b.dir/OpenMPTryFlag.f90.o /var/folders/4d/m6mrl1nj061f_p99n7typgmr0000gn/T//ccT2y0Ym.s]
  ignore line: [COMPILER_PATH=/opt/homebrew/Cellar/gcc/12.2.0/bin/../libexec/gcc/aarch64-apple-darwin21/12/:/opt/homebrew/Cellar/gcc/12.2.0/bin/../libexec/gcc/]
  ignore line: [LIBRARY_PATH=/opt/homebrew/Cellar/gcc/12.2.0/bin/../lib/gcc/current/gcc/aarch64-apple-darwin21/12/:/opt/homebrew/Cellar/gcc/12.2.0/bin/../lib/gcc/current/gcc/:/opt/homebrew/Cellar/gcc/12.2.0/bin/../lib/gcc/current/gcc/aarch64-apple-darwin21/12/../../../]
  ignore line: [COLLECT_GCC_OPTIONS='-std=f2008' '-fopenmp' '-v' '-isysroot' '/Library/Developer/CommandLineTools/SDKs/MacOSX12.3.sdk' '-c' '-o' 'CMakeFiles/cmTC_1062b.dir/OpenMPTryFlag.f90.o' '-mmacosx-version-min=12.2'  '-nodefaultexport' '-mlittle-endian' '-mabi=lp64' '-dumpdir' 'CMakeFiles/cmTC_1062b.dir/OpenMPTryFlag.f90.']
  ignore line: [Linking Fortran executable cmTC_1062b]
  ignore line: [/Users/oscarmojica/miniforge3/envs/devito/lib/python3.10/site-packages/cmake/data/CMake.app/Contents/bin/cmake -E cmake_link_script CMakeFiles/cmTC_1062b.dir/link.txt --verbose=1]
  ignore line: [/opt/homebrew/bin/gfortran   -std=f2008 -fopenmp -v -isysroot /Library/Developer/CommandLineTools/SDKs/MacOSX12.3.sdk -mmacosx-version-min=12.2 CMakeFiles/cmTC_1062b.dir/OpenMPTryFlag.f90.o -o cmTC_1062b  -v -Wl -v ]
  ignore line: [Driving: /opt/homebrew/bin/gfortran -std=f2008 -fopenmp -v -isysroot /Library/Developer/CommandLineTools/SDKs/MacOSX12.3.sdk CMakeFiles/cmTC_1062b.dir/OpenMPTryFlag.f90.o -o cmTC_1062b -v -Wl -v -mmacosx-version-min=12.2 -asm_macosx_version_min=12.2 -nodefaultexport -l gfortran]
  ignore line: [Using built-in specs.]
  ignore line: [COLLECT_GCC=/opt/homebrew/bin/gfortran]
  ignore line: [COLLECT_LTO_WRAPPER=/opt/homebrew/Cellar/gcc/12.2.0/bin/../libexec/gcc/aarch64-apple-darwin21/12/lto-wrapper]
  ignore line: [Target: aarch64-apple-darwin21]
  ignore line: [Configured with: ../configure --prefix=/opt/homebrew/opt/gcc --libdir=/opt/homebrew/opt/gcc/lib/gcc/current --disable-nls --enable-checking=release --with-gcc-major-version-only --enable-languages=c c++ objc obj-c++ fortran --program-suffix=-12 --with-gmp=/opt/homebrew/opt/gmp --with-mpfr=/opt/homebrew/opt/mpfr --with-mpc=/opt/homebrew/opt/libmpc --with-isl=/opt/homebrew/opt/isl --with-zstd=/opt/homebrew/opt/zstd --with-pkgversion='Homebrew GCC 12.2.0' --with-bugurl=https://github.com/Homebrew/homebrew-core/issues --with-system-zlib --build=aarch64-apple-darwin21 --with-sysroot=/Library/Developer/CommandLineTools/SDKs/MacOSX12.sdk]
  ignore line: [Thread model: posix]
  ignore line: [Supported LTO compression algorithms: zlib zstd]
  ignore line: [gcc version 12.2.0 (Homebrew GCC 12.2.0) ]
  ignore line: [Reading specs from /opt/homebrew/Cellar/gcc/12.2.0/bin/../lib/gcc/current/gcc/aarch64-apple-darwin21/12/../../../libgfortran.spec]
  ignore line: [rename spec lib to liborig]
  ignore line: [COLLECT_GCC_OPTIONS='-std=f2008' '-fopenmp' '-v' '-isysroot' '/Library/Developer/CommandLineTools/SDKs/MacOSX12.3.sdk' '-o' 'cmTC_1062b' '-v' '-mmacosx-version-min=12.2' '-asm_macosx_version_min=12.2' '-nodefaultexport' '-mlittle-endian' '-mabi=lp64' '-dumpdir' 'cmTC_1062b-']
  ignore line: [COMPILER_PATH=/opt/homebrew/Cellar/gcc/12.2.0/bin/../libexec/gcc/aarch64-apple-darwin21/12/:/opt/homebrew/Cellar/gcc/12.2.0/bin/../libexec/gcc/]
  ignore line: [LIBRARY_PATH=/opt/homebrew/Cellar/gcc/12.2.0/bin/../lib/gcc/current/gcc/aarch64-apple-darwin21/12/:/opt/homebrew/Cellar/gcc/12.2.0/bin/../lib/gcc/current/gcc/:/opt/homebrew/Cellar/gcc/12.2.0/bin/../lib/gcc/current/gcc/aarch64-apple-darwin21/12/../../../]
  ignore line: [COLLECT_GCC_OPTIONS='-std=f2008' '-fopenmp' '-v' '-isysroot' '/Library/Developer/CommandLineTools/SDKs/MacOSX12.3.sdk' '-o' 'cmTC_1062b' '-v' '-mmacosx-version-min=12.2' '-asm_macosx_version_min=12.2' '-nodefaultexport' '-mlittle-endian' '-mabi=lp64' '-dumpdir' 'cmTC_1062b.']
  link line: [ /opt/homebrew/Cellar/gcc/12.2.0/bin/../libexec/gcc/aarch64-apple-darwin21/12/collect2 -dynamic -arch arm64 -syslibroot /Library/Developer/CommandLineTools/SDKs/MacOSX12.3.sdk -macosx_version_min 12.2 -o cmTC_1062b -L/opt/homebrew/Cellar/gcc/12.2.0/bin/../lib/gcc/current/gcc/aarch64-apple-darwin21/12 -L/opt/homebrew/Cellar/gcc/12.2.0/bin/../lib/gcc/current/gcc -L/opt/homebrew/Cellar/gcc/12.2.0/bin/../lib/gcc/current/gcc/aarch64-apple-darwin21/12/../../.. CMakeFiles/cmTC_1062b.dir/OpenMPTryFlag.f90.o -v -lgfortran -lgomp -lemutls_w -lgcc -lquadmath -lemutls_w -lgcc -lSystem -lgcc -no_compact_unwind -rpath @loader_path -rpath /opt/homebrew/Cellar/gcc/12.2.0/lib/gcc/current/gcc/aarch64-apple-darwin21/12 -rpath /opt/homebrew/Cellar/gcc/12.2.0/lib/gcc/current/gcc -rpath /opt/homebrew/Cellar/gcc/12.2.0/lib/gcc/current]
    arg [/opt/homebrew/Cellar/gcc/12.2.0/bin/../libexec/gcc/aarch64-apple-darwin21/12/collect2] ==> ignore
    arg [-dynamic] ==> ignore
    arg [-arch] ==> ignore
    arg [arm64] ==> ignore
    arg [-syslibroot] ==> ignore
    arg [/Library/Developer/CommandLineTools/SDKs/MacOSX12.3.sdk] ==> ignore
    arg [-macosx_version_min] ==> ignore
    arg [12.2] ==> ignore
    arg [-o] ==> ignore
    arg [cmTC_1062b] ==> ignore
    arg [-L/opt/homebrew/Cellar/gcc/12.2.0/bin/../lib/gcc/current/gcc/aarch64-apple-darwin21/12] ==> dir [/opt/homebrew/Cellar/gcc/12.2.0/bin/../lib/gcc/current/gcc/aarch64-apple-darwin21/12]
    arg [-L/opt/homebrew/Cellar/gcc/12.2.0/bin/../lib/gcc/current/gcc] ==> dir [/opt/homebrew/Cellar/gcc/12.2.0/bin/../lib/gcc/current/gcc]
    arg [-L/opt/homebrew/Cellar/gcc/12.2.0/bin/../lib/gcc/current/gcc/aarch64-apple-darwin21/12/../../..] ==> dir [/opt/homebrew/Cellar/gcc/12.2.0/bin/../lib/gcc/current/gcc/aarch64-apple-darwin21/12/../../..]
    arg [CMakeFiles/cmTC_1062b.dir/OpenMPTryFlag.f90.o] ==> ignore
    arg [-v] ==> ignore
    arg [-lgfortran] ==> lib [gfortran]
    arg [-lgomp] ==> lib [gomp]
    arg [-lemutls_w] ==> lib [emutls_w]
    arg [-lgcc] ==> lib [gcc]
    arg [-lquadmath] ==> lib [quadmath]
    arg [-lemutls_w] ==> lib [emutls_w]
    arg [-lgcc] ==> lib [gcc]
    arg [-lSystem] ==> lib [System]
    arg [-lgcc] ==> lib [gcc]
    arg [-no_compact_unwind] ==> ignore
    arg [-rpath] ==> ignore
    arg [@loader_path] ==> ignore
    arg [-rpath] ==> ignore
    arg [/opt/homebrew/Cellar/gcc/12.2.0/lib/gcc/current/gcc/aarch64-apple-darwin21/12] ==> ignore
    arg [-rpath] ==> ignore
    arg [/opt/homebrew/Cellar/gcc/12.2.0/lib/gcc/current/gcc] ==> ignore
    arg [-rpath] ==> ignore
    arg [/opt/homebrew/Cellar/gcc/12.2.0/lib/gcc/current] ==> ignore
  Library search paths: [;/opt/homebrew/Cellar/gcc/12.2.0/lib/gcc/current/gcc/aarch64-apple-darwin21/12;/opt/homebrew/Cellar/gcc/12.2.0/lib/gcc/current/gcc;/opt/homebrew/Cellar/gcc/12.2.0/lib/gcc/current;/Library/Developer/CommandLineTools/SDKs/MacOSX12.3.sdk/usr/lib]
  Framework search paths: [;/Library/Developer/CommandLineTools/SDKs/MacOSX12.3.sdk/System/Library/Frameworks/]
  remove lib [System]
  collapse library dir [/opt/homebrew/Cellar/gcc/12.2.0/bin/../lib/gcc/current/gcc/aarch64-apple-darwin21/12] ==> [/opt/homebrew/Cellar/gcc/12.2.0/lib/gcc/current/gcc/aarch64-apple-darwin21/12]
  collapse library dir [/opt/homebrew/Cellar/gcc/12.2.0/bin/../lib/gcc/current/gcc] ==> [/opt/homebrew/Cellar/gcc/12.2.0/lib/gcc/current/gcc]
  collapse library dir [/opt/homebrew/Cellar/gcc/12.2.0/bin/../lib/gcc/current/gcc/aarch64-apple-darwin21/12/../../..] ==> [/opt/homebrew/Cellar/gcc/12.2.0/lib/gcc/current]
  collapse library dir [/opt/homebrew/Cellar/gcc/12.2.0/lib/gcc/current/gcc/aarch64-apple-darwin21/12] ==> [/opt/homebrew/Cellar/gcc/12.2.0/lib/gcc/current/gcc/aarch64-apple-darwin21/12]
  collapse library dir [/opt/homebrew/Cellar/gcc/12.2.0/lib/gcc/current/gcc] ==> [/opt/homebrew/Cellar/gcc/12.2.0/lib/gcc/current/gcc]
  collapse library dir [/opt/homebrew/Cellar/gcc/12.2.0/lib/gcc/current] ==> [/opt/homebrew/Cellar/gcc/12.2.0/lib/gcc/current]
  collapse library dir [/Library/Developer/CommandLineTools/SDKs/MacOSX12.3.sdk/usr/lib] ==> [/Library/Developer/CommandLineTools/SDKs/MacOSX12.3.sdk/usr/lib]
  collapse framework dir [/Library/Developer/CommandLineTools/SDKs/MacOSX12.3.sdk/System/Library/Frameworks/] ==> [/Library/Developer/CommandLineTools/SDKs/MacOSX12.3.sdk/System/Library/Frameworks]
  implicit libs: [gfortran;gomp;emutls_w;gcc;quadmath;emutls_w;gcc;gcc]
  implicit objs: []
  implicit dirs: [/opt/homebrew/Cellar/gcc/12.2.0/lib/gcc/current/gcc/aarch64-apple-darwin21/12;/opt/homebrew/Cellar/gcc/12.2.0/lib/gcc/current/gcc;/opt/homebrew/Cellar/gcc/12.2.0/lib/gcc/current;/Library/Developer/CommandLineTools/SDKs/MacOSX12.3.sdk/usr/lib]
  implicit fwks: [/Library/Developer/CommandLineTools/SDKs/MacOSX12.3.sdk/System/Library/Frameworks]


